2019-10-20 16:01:11.454 INFO  --- [main] cn.deercare.SpringBootMvnWebApplication Line:50  - Starting SpringBootMvnWebApplication on MacBook-Pro.local with PID 53922 (/Users/jiangyuan/JAVA/git/crowdfunding/crowdfunding-web/target/classes started by jiangyuan in /Users/jiangyuan/JAVA/git/crowdfunding)
2019-10-20 16:01:11.460 INFO  --- [main] cn.deercare.SpringBootMvnWebApplication Line:652 - The following profiles are active: pat
2019-10-20 16:01:13.354 INFO  --- [main] org.apache.coyote.http11.Http11NioProtocol Line:173 - Initializing ProtocolHandler ["http-nio-80"]
2019-10-20 16:01:13.369 INFO  --- [main] org.apache.catalina.core.StandardService Line:173 - Starting service [Tomcat]
2019-10-20 16:01:13.370 INFO  --- [main] org.apache.catalina.core.StandardEngine Line:173 - Starting Servlet engine: [Apache Tomcat/9.0.24]
2019-10-20 16:01:13.475 INFO  --- [main] org.apache.catalina.core.ContainerBase.[Tomcat].[localhost].[/] Line:173 - Initializing Spring embedded WebApplicationContext
2019-10-20 16:01:14.924 INFO  --- [main] com.alibaba.druid.pool.DruidDataSource Line:1948 - {dataSource-0} closing ...
2019-10-20 16:01:14.926 INFO  --- [main] org.apache.catalina.core.StandardService Line:173 - Stopping service [Tomcat]
2019-10-20 16:02:08.228 INFO  --- [main] cn.deercare.SpringBootMvnWebApplication Line:50  - Starting SpringBootMvnWebApplication on MacBook-Pro.local with PID 53937 (/Users/jiangyuan/JAVA/git/crowdfunding/crowdfunding-web/target/classes started by jiangyuan in /Users/jiangyuan/JAVA/git/crowdfunding)
2019-10-20 16:02:08.233 INFO  --- [main] cn.deercare.SpringBootMvnWebApplication Line:652 - The following profiles are active: pat
2019-10-20 16:02:10.312 INFO  --- [main] org.apache.coyote.http11.Http11NioProtocol Line:173 - Initializing ProtocolHandler ["http-nio-80"]
2019-10-20 16:02:10.324 INFO  --- [main] org.apache.catalina.core.StandardService Line:173 - Starting service [Tomcat]
2019-10-20 16:02:10.324 INFO  --- [main] org.apache.catalina.core.StandardEngine Line:173 - Starting Servlet engine: [Apache Tomcat/9.0.24]
2019-10-20 16:02:10.417 INFO  --- [main] org.apache.catalina.core.ContainerBase.[Tomcat].[localhost].[/] Line:173 - Initializing Spring embedded WebApplicationContext
2019-10-20 16:02:12.482 INFO  --- [main] springfox.documentation.spring.web.PropertySourcedRequestMappingHandlerMapping Line:69  - Mapped URL path [/v2/api-docs] onto method [public org.springframework.http.ResponseEntity<springfox.documentation.spring.web.json.Json> springfox.documentation.swagger2.web.Swagger2Controller.getDocumentation(java.lang.String,javax.servlet.http.HttpServletRequest)]
2019-10-20 16:02:13.205 INFO  --- [main] springfox.documentation.spring.web.plugins.DocumentationPluginsBootstrapper Line:160 - Context refreshed
2019-10-20 16:02:13.234 INFO  --- [main] springfox.documentation.spring.web.plugins.DocumentationPluginsBootstrapper Line:163 - Found 1 custom documentation plugin(s)
2019-10-20 16:02:13.285 INFO  --- [main] springfox.documentation.spring.web.scanners.ApiListingReferenceScanner Line:41  - Scanning for api listing references
2019-10-20 16:02:13.699 INFO  --- [main] org.apache.coyote.http11.Http11NioProtocol Line:173 - Starting ProtocolHandler ["http-nio-80"]
2019-10-20 16:02:13.767 INFO  --- [main] cn.deercare.SpringBootMvnWebApplication Line:59  - Started SpringBootMvnWebApplication in 6.866 seconds (JVM running for 7.912)
2019-10-20 16:02:35.205 INFO  --- [http-nio-80-exec-1] org.apache.catalina.core.ContainerBase.[Tomcat].[localhost].[/] Line:173 - Initializing Spring DispatcherServlet 'dispatcherServlet'
2019-10-20 17:49:05.929 INFO  --- [http-nio-80-exec-7] cn.deercare.controller.UserController Line:21  - >>用户登录
2019-10-20 17:49:05.931 INFO  --- [http-nio-80-exec-7] cn.deercare.controller.UserController Line:22  - start
2019-10-20 17:49:05.931 INFO  --- [http-nio-80-exec-7] cn.deercare.controller.UserController Line:78  - 查询用户
2019-10-20 17:49:05.952 INFO  --- [http-nio-80-exec-7] cn.deercare.controller.UserController Line:97  - 微信用户登录
2019-10-20 17:49:05.952 INFO  --- [http-nio-80-exec-7] cn.deercare.controller.UserController Line:100 - 获取openId信息
2019-10-20 17:49:06.589 INFO  --- [http-nio-80-exec-7] cn.deercare.controller.UserController Line:107 - 获取openId为oWNYK4z5kiLWHy3B3LIVCwO2iouk
2019-10-20 17:49:06.589 INFO  --- [http-nio-80-exec-7] cn.deercare.controller.UserController Line:108 - 从库中查询微信用户信息
2019-10-20 17:49:06.809 INFO  --- [http-nio-80-exec-7] com.alibaba.druid.pool.DruidDataSource Line:1003 - {dataSource-1} inited
2019-10-20 17:49:07.331 INFO  --- [http-nio-80-exec-7] cn.deercare.controller.UserController Line:135 - 微信用户在库中，则更新微信用户信息
2019-10-20 17:49:07.380 INFO  --- [http-nio-80-exec-7] cn.deercare.controller.UserController Line:142 - 产生token并保存
2019-10-20 17:49:07.494 INFO  --- [http-nio-80-exec-7] cn.deercare.controller.UserController Line:149 - 查询未验证的此用户参与的项目，并依次验证
2019-10-20 17:49:07.521 INFO  --- [http-nio-80-exec-7] cn.deercare.controller.UserController Line:26  - 登录成功
2019-10-20 17:49:07.521 INFO  --- [http-nio-80-exec-7] cn.deercare.controller.UserController Line:27  - end
2019-10-20 17:49:25.409 INFO  --- [http-nio-80-exec-2] cn.deercare.controller.ProjectPayController Line:21  - >>众筹项目支付
2019-10-20 17:49:25.410 INFO  --- [http-nio-80-exec-2] cn.deercare.controller.ProjectPayController Line:22  - start
2019-10-20 17:49:25.462 INFO  --- [http-nio-80-exec-2] cn.deercare.controller.ProjectPayController Line:26  - 失败--众筹项目支付
2019-10-20 17:49:25.463 INFO  --- [http-nio-80-exec-2] cn.deercare.controller.ProjectPayController Line:27  - end
2019-10-20 17:49:32.416 INFO  --- [http-nio-80-exec-3] cn.deercare.controller.ProjectPayController Line:21  - >>众筹项目支付
2019-10-20 17:49:32.417 INFO  --- [http-nio-80-exec-3] cn.deercare.controller.ProjectPayController Line:22  - start
2019-10-20 17:49:32.466 INFO  --- [http-nio-80-exec-3] cn.deercare.controller.ProjectPayController Line:26  - 失败--众筹项目支付
2019-10-20 17:49:32.467 INFO  --- [http-nio-80-exec-3] cn.deercare.controller.ProjectPayController Line:27  - end
2019-10-20 17:56:29.780 INFO  --- [http-nio-80-exec-4] cn.deercare.controller.UserController Line:21  - >>用户登录
2019-10-20 17:56:29.780 INFO  --- [http-nio-80-exec-4] cn.deercare.controller.UserController Line:22  - start
2019-10-20 17:56:29.781 INFO  --- [http-nio-80-exec-4] cn.deercare.controller.UserController Line:78  - 查询用户
2019-10-20 17:56:29.781 INFO  --- [http-nio-80-exec-4] cn.deercare.controller.UserController Line:97  - 微信用户登录
2019-10-20 17:56:29.781 INFO  --- [http-nio-80-exec-4] cn.deercare.controller.UserController Line:100 - 获取openId信息
2019-10-20 17:56:30.010 INFO  --- [http-nio-80-exec-4] cn.deercare.controller.UserController Line:107 - 获取openId为oWNYK4z5kiLWHy3B3LIVCwO2iouk
2019-10-20 17:56:30.010 INFO  --- [http-nio-80-exec-4] cn.deercare.controller.UserController Line:108 - 从库中查询微信用户信息
2019-10-20 17:56:30.054 INFO  --- [http-nio-80-exec-4] cn.deercare.controller.UserController Line:135 - 微信用户在库中，则更新微信用户信息
2019-10-20 17:56:30.082 INFO  --- [http-nio-80-exec-4] cn.deercare.controller.UserController Line:142 - 产生token并保存
2019-10-20 17:56:30.140 INFO  --- [http-nio-80-exec-4] cn.deercare.controller.UserController Line:149 - 查询未验证的此用户参与的项目，并依次验证
2019-10-20 17:56:30.159 INFO  --- [http-nio-80-exec-4] cn.deercare.controller.UserController Line:26  - 登录成功
2019-10-20 17:56:30.160 INFO  --- [http-nio-80-exec-4] cn.deercare.controller.UserController Line:27  - end
2019-10-20 17:56:42.990 INFO  --- [http-nio-80-exec-7] cn.deercare.controller.ProjectPayController Line:21  - >>众筹项目支付
2019-10-20 17:56:42.990 INFO  --- [http-nio-80-exec-7] cn.deercare.controller.ProjectPayController Line:22  - start
2019-10-20 17:56:43.012 INFO  --- [http-nio-80-exec-7] cn.deercare.controller.ProjectPayController Line:26  - 失败--众筹项目支付
2019-10-20 17:56:43.012 INFO  --- [http-nio-80-exec-7] cn.deercare.controller.ProjectPayController Line:27  - end
2019-10-20 17:57:24.869 INFO  --- [http-nio-80-exec-2] cn.deercare.controller.ProjectPayController Line:21  - >>众筹项目支付
2019-10-20 17:57:24.870 INFO  --- [http-nio-80-exec-2] cn.deercare.controller.ProjectPayController Line:22  - start
2019-10-20 17:57:30.659 INFO  --- [http-nio-80-exec-2] cn.deercare.controller.ProjectPayController Line:26  - 失败--付款金额小于最低金额
2019-10-20 17:57:30.660 INFO  --- [http-nio-80-exec-2] cn.deercare.controller.ProjectPayController Line:27  - end
2019-10-20 17:57:39.912 INFO  --- [http-nio-80-exec-3] cn.deercare.controller.ProjectPayController Line:21  - >>众筹项目支付
2019-10-20 17:57:39.913 INFO  --- [http-nio-80-exec-3] cn.deercare.controller.ProjectPayController Line:22  - start
2019-10-20 17:57:40.895 INFO  --- [http-nio-80-exec-3] cn.deercare.controller.ProjectPayController Line:26  - 获取支付信息成功
2019-10-20 17:57:40.895 INFO  --- [http-nio-80-exec-3] cn.deercare.controller.ProjectPayController Line:27  - end
2019-10-20 18:00:09.909 INFO  --- [http-nio-80-exec-4] cn.deercare.controller.ProjectController Line:21  - >>众筹项目列表
2019-10-20 18:00:09.909 INFO  --- [http-nio-80-exec-4] cn.deercare.controller.ProjectController Line:22  - start
2019-10-20 18:00:10.363 INFO  --- [http-nio-80-exec-4] cn.deercare.controller.ProjectController Line:26  - 查询成功
2019-10-20 18:00:10.364 INFO  --- [http-nio-80-exec-4] cn.deercare.controller.ProjectController Line:27  - end
2019-10-20 18:03:40.607 INFO  --- [Thread-17] com.alibaba.druid.pool.DruidDataSource Line:1948 - {dataSource-1} closing ...
2019-10-20 18:03:40.619 INFO  --- [Thread-17] com.alibaba.druid.pool.DruidDataSource Line:2020 - {dataSource-1} closed
