2019-11-03 11:07:43.770 INFO  --- [main] cn.deercare.SpringBootMvnWebApplication Line:50  - Starting SpringBootMvnWebApplication on MacBook-Pro.local with PID 1014 (/Users/jiangyuan/JAVA/git/crowdfunding/crowdfunding-web/target/classes started by jiangyuan in /Users/jiangyuan/JAVA/git/crowdfunding)
2019-11-03 11:07:43.775 INFO  --- [main] cn.deercare.SpringBootMvnWebApplication Line:652 - The following profiles are active: dev
2019-11-03 11:07:45.602 INFO  --- [main] org.apache.coyote.http11.Http11NioProtocol Line:173 - Initializing ProtocolHandler ["https-jsse-nio-443"]
2019-11-03 11:07:45.618 INFO  --- [main] org.apache.coyote.http11.Http11NioProtocol Line:173 - Initializing ProtocolHandler ["http-nio-80"]
2019-11-03 11:07:45.647 INFO  --- [main] org.apache.catalina.core.StandardService Line:173 - Starting service [Tomcat]
2019-11-03 11:07:45.648 INFO  --- [main] org.apache.catalina.core.StandardEngine Line:173 - Starting Servlet engine: [Apache Tomcat/9.0.24]
2019-11-03 11:07:45.790 INFO  --- [main] org.apache.catalina.core.ContainerBase.[Tomcat].[localhost].[/] Line:173 - Initializing Spring embedded WebApplicationContext
2019-11-03 11:07:47.940 INFO  --- [main] springfox.documentation.spring.web.PropertySourcedRequestMappingHandlerMapping Line:69  - Mapped URL path [/v2/api-docs] onto method [public org.springframework.http.ResponseEntity<springfox.documentation.spring.web.json.Json> springfox.documentation.swagger2.web.Swagger2Controller.getDocumentation(java.lang.String,javax.servlet.http.HttpServletRequest)]
2019-11-03 11:07:48.721 INFO  --- [main] springfox.documentation.spring.web.plugins.DocumentationPluginsBootstrapper Line:160 - Context refreshed
2019-11-03 11:07:48.752 INFO  --- [main] springfox.documentation.spring.web.plugins.DocumentationPluginsBootstrapper Line:163 - Found 1 custom documentation plugin(s)
2019-11-03 11:07:48.794 INFO  --- [main] springfox.documentation.spring.web.scanners.ApiListingReferenceScanner Line:41  - Scanning for api listing references
2019-11-03 11:07:49.241 INFO  --- [main] org.apache.coyote.http11.Http11NioProtocol Line:173 - Starting ProtocolHandler ["https-jsse-nio-443"]
2019-11-03 11:07:49.542 INFO  --- [main] org.apache.coyote.http11.Http11NioProtocol Line:173 - Starting ProtocolHandler ["http-nio-80"]
2019-11-03 11:07:49.560 INFO  --- [main] org.apache.coyote.http11.Http11NioProtocol Line:173 - Pausing ProtocolHandler ["https-jsse-nio-443"]
2019-11-03 11:07:49.561 INFO  --- [main] org.apache.coyote.http11.Http11NioProtocol Line:173 - Pausing ProtocolHandler ["http-nio-80"]
2019-11-03 11:07:49.573 INFO  --- [main] org.apache.catalina.core.StandardService Line:173 - Stopping service [Tomcat]
2019-11-03 11:07:49.590 INFO  --- [main] org.apache.coyote.http11.Http11NioProtocol Line:173 - Stopping ProtocolHandler ["http-nio-80"]
2019-11-03 11:07:49.597 INFO  --- [main] org.apache.catalina.util.LifecycleBase Line:173 - The stop() method was called on component [StandardServer[-1]] after stop() had already been called. The second call will be ignored.
2019-11-03 11:07:49.598 INFO  --- [main] org.apache.coyote.http11.Http11NioProtocol Line:173 - Stopping ProtocolHandler ["https-jsse-nio-443"]
2019-11-03 11:07:49.598 INFO  --- [main] org.apache.coyote.http11.Http11NioProtocol Line:173 - Destroying ProtocolHandler ["https-jsse-nio-443"]
2019-11-03 11:07:49.599 INFO  --- [main] org.apache.coyote.http11.Http11NioProtocol Line:173 - Destroying ProtocolHandler ["http-nio-80"]
2019-11-03 11:07:49.617 INFO  --- [main] com.alibaba.druid.pool.DruidDataSource Line:1948 - {dataSource-0} closing ...
2019-11-03 11:09:48.716 INFO  --- [main] cn.deercare.SpringBootMvnWebApplication Line:50  - Starting SpringBootMvnWebApplication on MacBook-Pro.local with PID 1034 (/Users/jiangyuan/JAVA/git/crowdfunding/crowdfunding-web/target/classes started by jiangyuan in /Users/jiangyuan/JAVA/git/crowdfunding)
2019-11-03 11:09:48.720 INFO  --- [main] cn.deercare.SpringBootMvnWebApplication Line:652 - The following profiles are active: dev
2019-11-03 11:09:50.063 INFO  --- [main] org.apache.coyote.http11.Http11NioProtocol Line:173 - Initializing ProtocolHandler ["https-jsse-nio-443"]
2019-11-03 11:09:50.075 INFO  --- [main] org.apache.coyote.http11.Http11NioProtocol Line:173 - Initializing ProtocolHandler ["http-nio-80"]
2019-11-03 11:09:50.098 INFO  --- [main] org.apache.catalina.core.StandardService Line:173 - Starting service [Tomcat]
2019-11-03 11:09:50.099 INFO  --- [main] org.apache.catalina.core.StandardEngine Line:173 - Starting Servlet engine: [Apache Tomcat/9.0.24]
2019-11-03 11:09:50.217 INFO  --- [main] org.apache.catalina.core.ContainerBase.[Tomcat].[localhost].[/] Line:173 - Initializing Spring embedded WebApplicationContext
2019-11-03 11:09:51.937 INFO  --- [main] springfox.documentation.spring.web.PropertySourcedRequestMappingHandlerMapping Line:69  - Mapped URL path [/v2/api-docs] onto method [public org.springframework.http.ResponseEntity<springfox.documentation.spring.web.json.Json> springfox.documentation.swagger2.web.Swagger2Controller.getDocumentation(java.lang.String,javax.servlet.http.HttpServletRequest)]
2019-11-03 11:09:52.567 INFO  --- [main] springfox.documentation.spring.web.plugins.DocumentationPluginsBootstrapper Line:160 - Context refreshed
2019-11-03 11:09:52.583 INFO  --- [main] springfox.documentation.spring.web.plugins.DocumentationPluginsBootstrapper Line:163 - Found 1 custom documentation plugin(s)
2019-11-03 11:09:52.620 INFO  --- [main] springfox.documentation.spring.web.scanners.ApiListingReferenceScanner Line:41  - Scanning for api listing references
2019-11-03 11:09:52.914 INFO  --- [main] org.apache.coyote.http11.Http11NioProtocol Line:173 - Starting ProtocolHandler ["https-jsse-nio-443"]
2019-11-03 11:09:53.151 INFO  --- [main] org.apache.coyote.http11.Http11NioProtocol Line:173 - Starting ProtocolHandler ["http-nio-80"]
2019-11-03 11:09:53.162 INFO  --- [main] org.apache.coyote.http11.Http11NioProtocol Line:173 - Pausing ProtocolHandler ["https-jsse-nio-443"]
2019-11-03 11:09:53.162 INFO  --- [main] org.apache.coyote.http11.Http11NioProtocol Line:173 - Pausing ProtocolHandler ["http-nio-80"]
2019-11-03 11:09:53.172 INFO  --- [main] org.apache.catalina.core.StandardService Line:173 - Stopping service [Tomcat]
2019-11-03 11:09:53.183 INFO  --- [main] org.apache.coyote.http11.Http11NioProtocol Line:173 - Stopping ProtocolHandler ["http-nio-80"]
2019-11-03 11:09:53.189 INFO  --- [main] org.apache.catalina.util.LifecycleBase Line:173 - The stop() method was called on component [StandardServer[-1]] after stop() had already been called. The second call will be ignored.
2019-11-03 11:09:53.189 INFO  --- [main] org.apache.coyote.http11.Http11NioProtocol Line:173 - Stopping ProtocolHandler ["https-jsse-nio-443"]
2019-11-03 11:09:53.190 INFO  --- [main] org.apache.coyote.http11.Http11NioProtocol Line:173 - Destroying ProtocolHandler ["https-jsse-nio-443"]
2019-11-03 11:09:53.190 INFO  --- [main] org.apache.coyote.http11.Http11NioProtocol Line:173 - Destroying ProtocolHandler ["http-nio-80"]
2019-11-03 11:09:53.203 INFO  --- [main] com.alibaba.druid.pool.DruidDataSource Line:1948 - {dataSource-0} closing ...
2019-11-03 11:13:27.532 INFO  --- [main] cn.deercare.SpringBootMvnWebApplication Line:50  - Starting SpringBootMvnWebApplication on MacBook-Pro.local with PID 1080 (/Users/jiangyuan/JAVA/git/crowdfunding/crowdfunding-web/target/classes started by jiangyuan in /Users/jiangyuan/JAVA/git/crowdfunding)
2019-11-03 11:13:27.550 INFO  --- [main] cn.deercare.SpringBootMvnWebApplication Line:652 - The following profiles are active: dev
2019-11-03 11:13:29.925 INFO  --- [main] org.apache.coyote.http11.Http11NioProtocol Line:173 - Initializing ProtocolHandler ["https-jsse-nio-443"]
2019-11-03 11:13:29.935 INFO  --- [main] org.apache.coyote.http11.Http11NioProtocol Line:173 - Initializing ProtocolHandler ["http-nio-80"]
2019-11-03 11:13:29.959 INFO  --- [main] org.apache.catalina.core.StandardService Line:173 - Starting service [Tomcat]
2019-11-03 11:13:29.960 INFO  --- [main] org.apache.catalina.core.StandardEngine Line:173 - Starting Servlet engine: [Apache Tomcat/9.0.24]
2019-11-03 11:13:30.122 INFO  --- [main] org.apache.catalina.core.ContainerBase.[Tomcat].[localhost].[/] Line:173 - Initializing Spring embedded WebApplicationContext
2019-11-03 11:13:32.197 INFO  --- [main] springfox.documentation.spring.web.PropertySourcedRequestMappingHandlerMapping Line:69  - Mapped URL path [/v2/api-docs] onto method [public org.springframework.http.ResponseEntity<springfox.documentation.spring.web.json.Json> springfox.documentation.swagger2.web.Swagger2Controller.getDocumentation(java.lang.String,javax.servlet.http.HttpServletRequest)]
2019-11-03 11:13:32.908 INFO  --- [main] springfox.documentation.spring.web.plugins.DocumentationPluginsBootstrapper Line:160 - Context refreshed
2019-11-03 11:13:32.923 INFO  --- [main] springfox.documentation.spring.web.plugins.DocumentationPluginsBootstrapper Line:163 - Found 1 custom documentation plugin(s)
2019-11-03 11:13:32.964 INFO  --- [main] springfox.documentation.spring.web.scanners.ApiListingReferenceScanner Line:41  - Scanning for api listing references
2019-11-03 11:13:33.261 INFO  --- [main] org.apache.coyote.http11.Http11NioProtocol Line:173 - Starting ProtocolHandler ["https-jsse-nio-443"]
2019-11-03 11:13:33.494 INFO  --- [main] org.apache.coyote.http11.Http11NioProtocol Line:173 - Starting ProtocolHandler ["http-nio-80"]
2019-11-03 11:13:33.517 INFO  --- [main] org.apache.coyote.http11.Http11NioProtocol Line:173 - Pausing ProtocolHandler ["https-jsse-nio-443"]
2019-11-03 11:13:33.518 INFO  --- [main] org.apache.coyote.http11.Http11NioProtocol Line:173 - Pausing ProtocolHandler ["http-nio-80"]
2019-11-03 11:13:33.527 INFO  --- [main] org.apache.catalina.core.StandardService Line:173 - Stopping service [Tomcat]
2019-11-03 11:13:33.538 INFO  --- [main] org.apache.coyote.http11.Http11NioProtocol Line:173 - Stopping ProtocolHandler ["http-nio-80"]
2019-11-03 11:13:33.544 INFO  --- [main] org.apache.catalina.util.LifecycleBase Line:173 - The stop() method was called on component [StandardServer[-1]] after stop() had already been called. The second call will be ignored.
2019-11-03 11:13:33.544 INFO  --- [main] org.apache.coyote.http11.Http11NioProtocol Line:173 - Stopping ProtocolHandler ["https-jsse-nio-443"]
2019-11-03 11:13:33.545 INFO  --- [main] org.apache.coyote.http11.Http11NioProtocol Line:173 - Destroying ProtocolHandler ["https-jsse-nio-443"]
2019-11-03 11:13:33.545 INFO  --- [main] org.apache.coyote.http11.Http11NioProtocol Line:173 - Destroying ProtocolHandler ["http-nio-80"]
2019-11-03 11:13:33.559 INFO  --- [main] com.alibaba.druid.pool.DruidDataSource Line:1948 - {dataSource-0} closing ...
2019-11-03 11:15:32.335 INFO  --- [main] cn.deercare.SpringBootMvnWebApplication Line:50  - Starting SpringBootMvnWebApplication on MacBook-Pro.local with PID 1119 (/Users/jiangyuan/JAVA/git/crowdfunding/crowdfunding-web/target/classes started by jiangyuan in /Users/jiangyuan/JAVA/git/crowdfunding)
2019-11-03 11:15:32.344 INFO  --- [main] cn.deercare.SpringBootMvnWebApplication Line:652 - The following profiles are active: dev
2019-11-03 11:15:33.922 INFO  --- [main] org.apache.coyote.http11.Http11NioProtocol Line:173 - Initializing ProtocolHandler ["https-jsse-nio-443"]
2019-11-03 11:15:33.931 INFO  --- [main] org.apache.coyote.http11.Http11NioProtocol Line:173 - Initializing ProtocolHandler ["http-nio-80"]
2019-11-03 11:15:33.953 INFO  --- [main] org.apache.catalina.core.StandardService Line:173 - Starting service [Tomcat]
2019-11-03 11:15:33.953 INFO  --- [main] org.apache.catalina.core.StandardEngine Line:173 - Starting Servlet engine: [Apache Tomcat/9.0.24]
2019-11-03 11:15:34.021 INFO  --- [main] org.apache.catalina.core.ContainerBase.[Tomcat].[localhost].[/] Line:173 - Initializing Spring embedded WebApplicationContext
2019-11-03 11:15:35.666 INFO  --- [main] springfox.documentation.spring.web.PropertySourcedRequestMappingHandlerMapping Line:69  - Mapped URL path [/v2/api-docs] onto method [public org.springframework.http.ResponseEntity<springfox.documentation.spring.web.json.Json> springfox.documentation.swagger2.web.Swagger2Controller.getDocumentation(java.lang.String,javax.servlet.http.HttpServletRequest)]
2019-11-03 11:15:36.296 INFO  --- [main] springfox.documentation.spring.web.plugins.DocumentationPluginsBootstrapper Line:160 - Context refreshed
2019-11-03 11:15:36.310 INFO  --- [main] springfox.documentation.spring.web.plugins.DocumentationPluginsBootstrapper Line:163 - Found 1 custom documentation plugin(s)
2019-11-03 11:15:36.342 INFO  --- [main] springfox.documentation.spring.web.scanners.ApiListingReferenceScanner Line:41  - Scanning for api listing references
2019-11-03 11:15:36.568 INFO  --- [main] org.apache.coyote.http11.Http11NioProtocol Line:173 - Starting ProtocolHandler ["https-jsse-nio-443"]
2019-11-03 11:15:36.758 INFO  --- [main] org.apache.coyote.http11.Http11NioProtocol Line:173 - Starting ProtocolHandler ["http-nio-80"]
2019-11-03 11:15:36.775 INFO  --- [main] org.apache.coyote.http11.Http11NioProtocol Line:173 - Pausing ProtocolHandler ["https-jsse-nio-443"]
2019-11-03 11:15:36.775 INFO  --- [main] org.apache.coyote.http11.Http11NioProtocol Line:173 - Pausing ProtocolHandler ["http-nio-80"]
2019-11-03 11:15:36.786 INFO  --- [main] org.apache.catalina.core.StandardService Line:173 - Stopping service [Tomcat]
2019-11-03 11:15:36.803 INFO  --- [main] org.apache.coyote.http11.Http11NioProtocol Line:173 - Stopping ProtocolHandler ["http-nio-80"]
2019-11-03 11:15:36.813 INFO  --- [main] org.apache.catalina.util.LifecycleBase Line:173 - The stop() method was called on component [StandardServer[-1]] after stop() had already been called. The second call will be ignored.
2019-11-03 11:15:36.813 INFO  --- [main] org.apache.coyote.http11.Http11NioProtocol Line:173 - Stopping ProtocolHandler ["https-jsse-nio-443"]
2019-11-03 11:15:36.813 INFO  --- [main] org.apache.coyote.http11.Http11NioProtocol Line:173 - Destroying ProtocolHandler ["https-jsse-nio-443"]
2019-11-03 11:15:36.814 INFO  --- [main] org.apache.coyote.http11.Http11NioProtocol Line:173 - Destroying ProtocolHandler ["http-nio-80"]
2019-11-03 11:15:36.870 INFO  --- [main] com.alibaba.druid.pool.DruidDataSource Line:1948 - {dataSource-0} closing ...
2019-11-03 11:20:12.926 INFO  --- [main] cn.deercare.SpringBootMvnWebApplication Line:50  - Starting SpringBootMvnWebApplication on MacBook-Pro.local with PID 1166 (/Users/jiangyuan/JAVA/git/crowdfunding/crowdfunding-web/target/classes started by jiangyuan in /Users/jiangyuan/JAVA/git/crowdfunding)
2019-11-03 11:20:12.930 INFO  --- [main] cn.deercare.SpringBootMvnWebApplication Line:652 - The following profiles are active: dev
2019-11-03 11:20:14.852 INFO  --- [main] org.apache.coyote.http11.Http11NioProtocol Line:173 - Initializing ProtocolHandler ["https-jsse-nio-443"]
2019-11-03 11:20:14.862 INFO  --- [main] org.apache.coyote.http11.Http11NioProtocol Line:173 - Initializing ProtocolHandler ["http-nio-80"]
2019-11-03 11:20:14.884 INFO  --- [main] org.apache.catalina.core.StandardService Line:173 - Starting service [Tomcat]
2019-11-03 11:20:14.885 INFO  --- [main] org.apache.catalina.core.StandardEngine Line:173 - Starting Servlet engine: [Apache Tomcat/9.0.24]
2019-11-03 11:20:14.956 INFO  --- [main] org.apache.catalina.core.ContainerBase.[Tomcat].[localhost].[/] Line:173 - Initializing Spring embedded WebApplicationContext
2019-11-03 11:20:16.578 INFO  --- [main] springfox.documentation.spring.web.PropertySourcedRequestMappingHandlerMapping Line:69  - Mapped URL path [/v2/api-docs] onto method [public org.springframework.http.ResponseEntity<springfox.documentation.spring.web.json.Json> springfox.documentation.swagger2.web.Swagger2Controller.getDocumentation(java.lang.String,javax.servlet.http.HttpServletRequest)]
2019-11-03 11:20:17.173 INFO  --- [main] springfox.documentation.spring.web.plugins.DocumentationPluginsBootstrapper Line:160 - Context refreshed
2019-11-03 11:20:17.188 INFO  --- [main] springfox.documentation.spring.web.plugins.DocumentationPluginsBootstrapper Line:163 - Found 1 custom documentation plugin(s)
2019-11-03 11:20:17.217 INFO  --- [main] springfox.documentation.spring.web.scanners.ApiListingReferenceScanner Line:41  - Scanning for api listing references
2019-11-03 11:20:17.468 INFO  --- [main] org.apache.coyote.http11.Http11NioProtocol Line:173 - Starting ProtocolHandler ["https-jsse-nio-443"]
2019-11-03 11:20:17.662 INFO  --- [main] org.apache.coyote.http11.Http11NioProtocol Line:173 - Starting ProtocolHandler ["http-nio-80"]
2019-11-03 11:20:17.679 INFO  --- [main] org.apache.coyote.http11.Http11NioProtocol Line:173 - Pausing ProtocolHandler ["https-jsse-nio-443"]
2019-11-03 11:20:17.679 INFO  --- [main] org.apache.coyote.http11.Http11NioProtocol Line:173 - Pausing ProtocolHandler ["http-nio-80"]
2019-11-03 11:20:17.691 INFO  --- [main] org.apache.catalina.core.StandardService Line:173 - Stopping service [Tomcat]
2019-11-03 11:20:17.705 INFO  --- [main] org.apache.coyote.http11.Http11NioProtocol Line:173 - Stopping ProtocolHandler ["http-nio-80"]
2019-11-03 11:20:17.713 INFO  --- [main] org.apache.catalina.util.LifecycleBase Line:173 - The stop() method was called on component [StandardServer[-1]] after stop() had already been called. The second call will be ignored.
2019-11-03 11:20:17.714 INFO  --- [main] org.apache.coyote.http11.Http11NioProtocol Line:173 - Stopping ProtocolHandler ["https-jsse-nio-443"]
2019-11-03 11:20:17.715 INFO  --- [main] org.apache.coyote.http11.Http11NioProtocol Line:173 - Destroying ProtocolHandler ["https-jsse-nio-443"]
2019-11-03 11:20:17.716 INFO  --- [main] org.apache.coyote.http11.Http11NioProtocol Line:173 - Destroying ProtocolHandler ["http-nio-80"]
2019-11-03 11:20:17.730 INFO  --- [main] com.alibaba.druid.pool.DruidDataSource Line:1948 - {dataSource-0} closing ...
2019-11-03 11:20:43.852 INFO  --- [main] cn.deercare.SpringBootMvnWebApplication Line:50  - Starting SpringBootMvnWebApplication on MacBook-Pro.local with PID 1173 (/Users/jiangyuan/JAVA/git/crowdfunding/crowdfunding-web/target/classes started by jiangyuan in /Users/jiangyuan/JAVA/git/crowdfunding)
2019-11-03 11:20:43.857 INFO  --- [main] cn.deercare.SpringBootMvnWebApplication Line:652 - The following profiles are active: dev
2019-11-03 11:20:45.421 INFO  --- [main] org.apache.coyote.http11.Http11NioProtocol Line:173 - Initializing ProtocolHandler ["https-jsse-nio-8443"]
2019-11-03 11:20:45.431 INFO  --- [main] org.apache.coyote.http11.Http11NioProtocol Line:173 - Initializing ProtocolHandler ["http-nio-80"]
2019-11-03 11:20:45.454 INFO  --- [main] org.apache.catalina.core.StandardService Line:173 - Starting service [Tomcat]
2019-11-03 11:20:45.454 INFO  --- [main] org.apache.catalina.core.StandardEngine Line:173 - Starting Servlet engine: [Apache Tomcat/9.0.24]
2019-11-03 11:20:45.522 INFO  --- [main] org.apache.catalina.core.ContainerBase.[Tomcat].[localhost].[/] Line:173 - Initializing Spring embedded WebApplicationContext
2019-11-03 11:20:47.126 INFO  --- [main] springfox.documentation.spring.web.PropertySourcedRequestMappingHandlerMapping Line:69  - Mapped URL path [/v2/api-docs] onto method [public org.springframework.http.ResponseEntity<springfox.documentation.spring.web.json.Json> springfox.documentation.swagger2.web.Swagger2Controller.getDocumentation(java.lang.String,javax.servlet.http.HttpServletRequest)]
2019-11-03 11:20:47.723 INFO  --- [main] springfox.documentation.spring.web.plugins.DocumentationPluginsBootstrapper Line:160 - Context refreshed
2019-11-03 11:20:47.739 INFO  --- [main] springfox.documentation.spring.web.plugins.DocumentationPluginsBootstrapper Line:163 - Found 1 custom documentation plugin(s)
2019-11-03 11:20:47.770 INFO  --- [main] springfox.documentation.spring.web.scanners.ApiListingReferenceScanner Line:41  - Scanning for api listing references
2019-11-03 11:20:48.030 INFO  --- [main] org.apache.coyote.http11.Http11NioProtocol Line:173 - Starting ProtocolHandler ["https-jsse-nio-8443"]
2019-11-03 11:20:48.223 INFO  --- [main] org.apache.coyote.http11.Http11NioProtocol Line:173 - Starting ProtocolHandler ["http-nio-80"]
2019-11-03 11:20:48.240 INFO  --- [main] org.apache.coyote.http11.Http11NioProtocol Line:173 - Pausing ProtocolHandler ["https-jsse-nio-8443"]
2019-11-03 11:20:48.240 INFO  --- [main] org.apache.coyote.http11.Http11NioProtocol Line:173 - Pausing ProtocolHandler ["http-nio-80"]
2019-11-03 11:20:48.249 INFO  --- [main] org.apache.catalina.core.StandardService Line:173 - Stopping service [Tomcat]
2019-11-03 11:20:48.262 INFO  --- [main] org.apache.coyote.http11.Http11NioProtocol Line:173 - Stopping ProtocolHandler ["http-nio-80"]
2019-11-03 11:20:48.270 INFO  --- [main] org.apache.catalina.util.LifecycleBase Line:173 - The stop() method was called on component [StandardServer[-1]] after stop() had already been called. The second call will be ignored.
2019-11-03 11:20:48.271 INFO  --- [main] org.apache.coyote.http11.Http11NioProtocol Line:173 - Stopping ProtocolHandler ["https-jsse-nio-8443"]
2019-11-03 11:20:48.272 INFO  --- [main] org.apache.coyote.http11.Http11NioProtocol Line:173 - Destroying ProtocolHandler ["https-jsse-nio-8443"]
2019-11-03 11:20:48.272 INFO  --- [main] org.apache.coyote.http11.Http11NioProtocol Line:173 - Destroying ProtocolHandler ["http-nio-80"]
2019-11-03 11:20:48.284 INFO  --- [main] com.alibaba.druid.pool.DruidDataSource Line:1948 - {dataSource-0} closing ...
2019-11-03 11:21:07.646 INFO  --- [main] cn.deercare.SpringBootMvnWebApplication Line:50  - Starting SpringBootMvnWebApplication on MacBook-Pro.local with PID 1180 (/Users/jiangyuan/JAVA/git/crowdfunding/crowdfunding-web/target/classes started by jiangyuan in /Users/jiangyuan/JAVA/git/crowdfunding)
2019-11-03 11:21:07.651 INFO  --- [main] cn.deercare.SpringBootMvnWebApplication Line:652 - The following profiles are active: dev
2019-11-03 11:21:09.384 INFO  --- [main] org.apache.coyote.http11.Http11NioProtocol Line:173 - Initializing ProtocolHandler ["https-jsse-nio-80"]
2019-11-03 11:21:09.393 INFO  --- [main] org.apache.coyote.http11.Http11NioProtocol Line:173 - Initializing ProtocolHandler ["http-nio-80"]
2019-11-03 11:21:09.415 INFO  --- [main] org.apache.catalina.core.StandardService Line:173 - Starting service [Tomcat]
2019-11-03 11:21:09.416 INFO  --- [main] org.apache.catalina.core.StandardEngine Line:173 - Starting Servlet engine: [Apache Tomcat/9.0.24]
2019-11-03 11:21:09.486 INFO  --- [main] org.apache.catalina.core.ContainerBase.[Tomcat].[localhost].[/] Line:173 - Initializing Spring embedded WebApplicationContext
2019-11-03 11:21:11.093 INFO  --- [main] springfox.documentation.spring.web.PropertySourcedRequestMappingHandlerMapping Line:69  - Mapped URL path [/v2/api-docs] onto method [public org.springframework.http.ResponseEntity<springfox.documentation.spring.web.json.Json> springfox.documentation.swagger2.web.Swagger2Controller.getDocumentation(java.lang.String,javax.servlet.http.HttpServletRequest)]
2019-11-03 11:21:11.694 INFO  --- [main] springfox.documentation.spring.web.plugins.DocumentationPluginsBootstrapper Line:160 - Context refreshed
2019-11-03 11:21:11.708 INFO  --- [main] springfox.documentation.spring.web.plugins.DocumentationPluginsBootstrapper Line:163 - Found 1 custom documentation plugin(s)
2019-11-03 11:21:11.738 INFO  --- [main] springfox.documentation.spring.web.scanners.ApiListingReferenceScanner Line:41  - Scanning for api listing references
2019-11-03 11:21:11.949 INFO  --- [main] org.apache.coyote.http11.Http11NioProtocol Line:173 - Starting ProtocolHandler ["https-jsse-nio-80"]
2019-11-03 11:21:11.956 INFO  --- [main] org.apache.coyote.http11.Http11NioProtocol Line:173 - Starting ProtocolHandler ["http-nio-80"]
2019-11-03 11:21:11.971 INFO  --- [main] org.apache.coyote.http11.Http11NioProtocol Line:173 - Pausing ProtocolHandler ["https-jsse-nio-80"]
2019-11-03 11:21:11.971 INFO  --- [main] org.apache.coyote.http11.Http11NioProtocol Line:173 - Pausing ProtocolHandler ["http-nio-80"]
2019-11-03 11:21:11.984 INFO  --- [main] org.apache.catalina.core.StandardService Line:173 - Stopping service [Tomcat]
2019-11-03 11:21:11.997 INFO  --- [main] org.apache.coyote.http11.Http11NioProtocol Line:173 - Stopping ProtocolHandler ["http-nio-80"]
2019-11-03 11:21:12.004 INFO  --- [main] org.apache.catalina.util.LifecycleBase Line:173 - The stop() method was called on component [StandardServer[-1]] after stop() had already been called. The second call will be ignored.
2019-11-03 11:21:12.005 INFO  --- [main] org.apache.coyote.http11.Http11NioProtocol Line:173 - Stopping ProtocolHandler ["https-jsse-nio-80"]
2019-11-03 11:21:12.005 INFO  --- [main] org.apache.coyote.http11.Http11NioProtocol Line:173 - Destroying ProtocolHandler ["https-jsse-nio-80"]
2019-11-03 11:21:12.005 INFO  --- [main] org.apache.coyote.http11.Http11NioProtocol Line:173 - Destroying ProtocolHandler ["http-nio-80"]
2019-11-03 11:21:12.005 INFO  --- [main] org.apache.coyote.http11.Http11NioProtocol Line:173 - Failed to deregister MBean named [Tomcat:type=ProtocolHandler,port=80] from MBean server [com.sun.jmx.mbeanserver.JmxMBeanServer@26f67b76]
2019-11-03 11:21:12.021 INFO  --- [main] com.alibaba.druid.pool.DruidDataSource Line:1948 - {dataSource-0} closing ...
2019-11-03 11:25:28.116 INFO  --- [main] cn.deercare.SpringBootMvnWebApplication Line:50  - Starting SpringBootMvnWebApplication on MacBook-Pro.local with PID 1198 (/Users/jiangyuan/JAVA/git/crowdfunding/crowdfunding-web/target/classes started by jiangyuan in /Users/jiangyuan/JAVA/git/crowdfunding)
2019-11-03 11:25:28.120 INFO  --- [main] cn.deercare.SpringBootMvnWebApplication Line:652 - The following profiles are active: dev
2019-11-03 11:25:29.571 INFO  --- [main] org.apache.coyote.http11.Http11NioProtocol Line:173 - Initializing ProtocolHandler ["https-jsse-nio-80"]
2019-11-03 11:25:29.580 INFO  --- [main] org.apache.coyote.http11.Http11NioProtocol Line:173 - Initializing ProtocolHandler ["http-nio-80"]
2019-11-03 11:25:29.601 INFO  --- [main] org.apache.catalina.core.StandardService Line:173 - Starting service [Tomcat]
2019-11-03 11:25:29.602 INFO  --- [main] org.apache.catalina.core.StandardEngine Line:173 - Starting Servlet engine: [Apache Tomcat/9.0.24]
2019-11-03 11:25:29.669 INFO  --- [main] org.apache.catalina.core.ContainerBase.[Tomcat].[localhost].[/] Line:173 - Initializing Spring embedded WebApplicationContext
2019-11-03 11:25:31.169 INFO  --- [main] springfox.documentation.spring.web.PropertySourcedRequestMappingHandlerMapping Line:69  - Mapped URL path [/v2/api-docs] onto method [public org.springframework.http.ResponseEntity<springfox.documentation.spring.web.json.Json> springfox.documentation.swagger2.web.Swagger2Controller.getDocumentation(java.lang.String,javax.servlet.http.HttpServletRequest)]
2019-11-03 11:25:31.804 INFO  --- [main] springfox.documentation.spring.web.plugins.DocumentationPluginsBootstrapper Line:160 - Context refreshed
2019-11-03 11:25:31.820 INFO  --- [main] springfox.documentation.spring.web.plugins.DocumentationPluginsBootstrapper Line:163 - Found 1 custom documentation plugin(s)
2019-11-03 11:25:31.850 INFO  --- [main] springfox.documentation.spring.web.scanners.ApiListingReferenceScanner Line:41  - Scanning for api listing references
2019-11-03 11:25:32.054 INFO  --- [main] org.apache.coyote.http11.Http11NioProtocol Line:173 - Starting ProtocolHandler ["https-jsse-nio-80"]
2019-11-03 11:25:32.061 INFO  --- [main] org.apache.coyote.http11.Http11NioProtocol Line:173 - Starting ProtocolHandler ["http-nio-80"]
2019-11-03 11:25:32.076 INFO  --- [main] org.apache.coyote.http11.Http11NioProtocol Line:173 - Pausing ProtocolHandler ["https-jsse-nio-80"]
2019-11-03 11:25:32.077 INFO  --- [main] org.apache.coyote.http11.Http11NioProtocol Line:173 - Pausing ProtocolHandler ["http-nio-80"]
2019-11-03 11:25:32.087 INFO  --- [main] org.apache.catalina.core.StandardService Line:173 - Stopping service [Tomcat]
2019-11-03 11:25:32.099 INFO  --- [main] org.apache.coyote.http11.Http11NioProtocol Line:173 - Stopping ProtocolHandler ["http-nio-80"]
2019-11-03 11:25:32.106 INFO  --- [main] org.apache.catalina.util.LifecycleBase Line:173 - The stop() method was called on component [StandardServer[-1]] after stop() had already been called. The second call will be ignored.
2019-11-03 11:25:32.107 INFO  --- [main] org.apache.coyote.http11.Http11NioProtocol Line:173 - Stopping ProtocolHandler ["https-jsse-nio-80"]
2019-11-03 11:25:32.107 INFO  --- [main] org.apache.coyote.http11.Http11NioProtocol Line:173 - Destroying ProtocolHandler ["https-jsse-nio-80"]
2019-11-03 11:25:32.107 INFO  --- [main] org.apache.coyote.http11.Http11NioProtocol Line:173 - Destroying ProtocolHandler ["http-nio-80"]
2019-11-03 11:25:32.107 INFO  --- [main] org.apache.coyote.http11.Http11NioProtocol Line:173 - Failed to deregister MBean named [Tomcat:type=ProtocolHandler,port=80] from MBean server [com.sun.jmx.mbeanserver.JmxMBeanServer@26f67b76]
2019-11-03 11:25:32.125 INFO  --- [main] com.alibaba.druid.pool.DruidDataSource Line:1948 - {dataSource-0} closing ...
2019-11-03 11:27:47.344 INFO  --- [main] cn.deercare.SpringBootMvnWebApplication Line:50  - Starting SpringBootMvnWebApplication on MacBook-Pro.local with PID 1211 (/Users/jiangyuan/JAVA/git/crowdfunding/crowdfunding-web/target/classes started by jiangyuan in /Users/jiangyuan/JAVA/git/crowdfunding)
2019-11-03 11:27:47.348 INFO  --- [main] cn.deercare.SpringBootMvnWebApplication Line:652 - The following profiles are active: dev
2019-11-03 11:27:48.920 INFO  --- [main] org.apache.coyote.http11.Http11NioProtocol Line:173 - Initializing ProtocolHandler ["https-jsse-nio-80"]
2019-11-03 11:27:48.931 INFO  --- [main] org.apache.coyote.http11.Http11NioProtocol Line:173 - Initializing ProtocolHandler ["http-nio-80"]
2019-11-03 11:27:48.958 INFO  --- [main] org.apache.catalina.core.StandardService Line:173 - Starting service [Tomcat]
2019-11-03 11:27:48.959 INFO  --- [main] org.apache.catalina.core.StandardEngine Line:173 - Starting Servlet engine: [Apache Tomcat/9.0.24]
2019-11-03 11:27:49.042 INFO  --- [main] org.apache.catalina.core.ContainerBase.[Tomcat].[localhost].[/] Line:173 - Initializing Spring embedded WebApplicationContext
2019-11-03 11:27:51.019 INFO  --- [main] springfox.documentation.spring.web.PropertySourcedRequestMappingHandlerMapping Line:69  - Mapped URL path [/v2/api-docs] onto method [public org.springframework.http.ResponseEntity<springfox.documentation.spring.web.json.Json> springfox.documentation.swagger2.web.Swagger2Controller.getDocumentation(java.lang.String,javax.servlet.http.HttpServletRequest)]
2019-11-03 11:27:51.726 INFO  --- [main] springfox.documentation.spring.web.plugins.DocumentationPluginsBootstrapper Line:160 - Context refreshed
2019-11-03 11:27:51.745 INFO  --- [main] springfox.documentation.spring.web.plugins.DocumentationPluginsBootstrapper Line:163 - Found 1 custom documentation plugin(s)
2019-11-03 11:27:51.774 INFO  --- [main] springfox.documentation.spring.web.scanners.ApiListingReferenceScanner Line:41  - Scanning for api listing references
2019-11-03 11:27:52.015 INFO  --- [main] org.apache.coyote.http11.Http11NioProtocol Line:173 - Starting ProtocolHandler ["https-jsse-nio-80"]
2019-11-03 11:27:52.026 INFO  --- [main] org.apache.coyote.http11.Http11NioProtocol Line:173 - Starting ProtocolHandler ["http-nio-80"]
2019-11-03 11:27:52.043 INFO  --- [main] org.apache.coyote.http11.Http11NioProtocol Line:173 - Pausing ProtocolHandler ["https-jsse-nio-80"]
2019-11-03 11:27:52.043 INFO  --- [main] org.apache.coyote.http11.Http11NioProtocol Line:173 - Pausing ProtocolHandler ["http-nio-80"]
2019-11-03 11:27:52.055 INFO  --- [main] org.apache.catalina.core.StandardService Line:173 - Stopping service [Tomcat]
2019-11-03 11:27:52.068 INFO  --- [main] org.apache.coyote.http11.Http11NioProtocol Line:173 - Stopping ProtocolHandler ["http-nio-80"]
2019-11-03 11:27:52.073 INFO  --- [main] org.apache.catalina.util.LifecycleBase Line:173 - The stop() method was called on component [StandardServer[-1]] after stop() had already been called. The second call will be ignored.
2019-11-03 11:27:52.073 INFO  --- [main] org.apache.coyote.http11.Http11NioProtocol Line:173 - Stopping ProtocolHandler ["https-jsse-nio-80"]
2019-11-03 11:27:52.073 INFO  --- [main] org.apache.coyote.http11.Http11NioProtocol Line:173 - Destroying ProtocolHandler ["https-jsse-nio-80"]
2019-11-03 11:27:52.073 INFO  --- [main] org.apache.coyote.http11.Http11NioProtocol Line:173 - Destroying ProtocolHandler ["http-nio-80"]
2019-11-03 11:27:52.074 INFO  --- [main] org.apache.coyote.http11.Http11NioProtocol Line:173 - Failed to deregister MBean named [Tomcat:type=ProtocolHandler,port=80] from MBean server [com.sun.jmx.mbeanserver.JmxMBeanServer@26f67b76]
2019-11-03 11:27:52.086 INFO  --- [main] com.alibaba.druid.pool.DruidDataSource Line:1948 - {dataSource-0} closing ...
2019-11-03 11:28:17.235 INFO  --- [main] cn.deercare.SpringBootMvnWebApplication Line:50  - Starting SpringBootMvnWebApplication on MacBook-Pro.local with PID 1220 (/Users/jiangyuan/JAVA/git/crowdfunding/crowdfunding-web/target/classes started by jiangyuan in /Users/jiangyuan/JAVA/git/crowdfunding)
2019-11-03 11:28:17.240 INFO  --- [main] cn.deercare.SpringBootMvnWebApplication Line:652 - The following profiles are active: dev
2019-11-03 11:28:18.859 INFO  --- [main] org.apache.coyote.http11.Http11NioProtocol Line:173 - Initializing ProtocolHandler ["https-jsse-nio-80"]
2019-11-03 11:28:18.867 INFO  --- [main] org.apache.coyote.http11.Http11NioProtocol Line:173 - Initializing ProtocolHandler ["http-nio-8080"]
2019-11-03 11:28:18.889 INFO  --- [main] org.apache.catalina.core.StandardService Line:173 - Starting service [Tomcat]
2019-11-03 11:28:18.889 INFO  --- [main] org.apache.catalina.core.StandardEngine Line:173 - Starting Servlet engine: [Apache Tomcat/9.0.24]
2019-11-03 11:28:18.957 INFO  --- [main] org.apache.catalina.core.ContainerBase.[Tomcat].[localhost].[/] Line:173 - Initializing Spring embedded WebApplicationContext
2019-11-03 11:28:20.477 INFO  --- [main] springfox.documentation.spring.web.PropertySourcedRequestMappingHandlerMapping Line:69  - Mapped URL path [/v2/api-docs] onto method [public org.springframework.http.ResponseEntity<springfox.documentation.spring.web.json.Json> springfox.documentation.swagger2.web.Swagger2Controller.getDocumentation(java.lang.String,javax.servlet.http.HttpServletRequest)]
2019-11-03 11:28:21.071 INFO  --- [main] springfox.documentation.spring.web.plugins.DocumentationPluginsBootstrapper Line:160 - Context refreshed
2019-11-03 11:28:21.085 INFO  --- [main] springfox.documentation.spring.web.plugins.DocumentationPluginsBootstrapper Line:163 - Found 1 custom documentation plugin(s)
2019-11-03 11:28:21.113 INFO  --- [main] springfox.documentation.spring.web.scanners.ApiListingReferenceScanner Line:41  - Scanning for api listing references
2019-11-03 11:28:21.322 INFO  --- [main] org.apache.coyote.http11.Http11NioProtocol Line:173 - Starting ProtocolHandler ["https-jsse-nio-80"]
2019-11-03 11:28:21.500 INFO  --- [main] org.apache.coyote.http11.Http11NioProtocol Line:173 - Starting ProtocolHandler ["http-nio-8080"]
2019-11-03 11:28:21.516 INFO  --- [main] cn.deercare.SpringBootMvnWebApplication Line:59  - Started SpringBootMvnWebApplication in 5.27 seconds (JVM running for 6.013)
2019-11-03 11:29:34.728 INFO  --- [Thread-15] com.alibaba.druid.pool.DruidDataSource Line:1948 - {dataSource-0} closing ...
2019-11-03 11:29:51.463 INFO  --- [main] cn.deercare.SpringBootMvnWebApplication Line:50  - Starting SpringBootMvnWebApplication on MacBook-Pro.local with PID 1242 (/Users/jiangyuan/JAVA/git/crowdfunding/crowdfunding-web/target/classes started by jiangyuan in /Users/jiangyuan/JAVA/git/crowdfunding)
2019-11-03 11:29:51.467 INFO  --- [main] cn.deercare.SpringBootMvnWebApplication Line:652 - The following profiles are active: dev
2019-11-03 11:29:52.875 INFO  --- [main] org.apache.coyote.http11.Http11NioProtocol Line:173 - Initializing ProtocolHandler ["https-jsse-nio-443"]
2019-11-03 11:29:52.884 INFO  --- [main] org.apache.coyote.http11.Http11NioProtocol Line:173 - Initializing ProtocolHandler ["http-nio-80"]
2019-11-03 11:29:52.905 INFO  --- [main] org.apache.catalina.core.StandardService Line:173 - Starting service [Tomcat]
2019-11-03 11:29:52.906 INFO  --- [main] org.apache.catalina.core.StandardEngine Line:173 - Starting Servlet engine: [Apache Tomcat/9.0.24]
2019-11-03 11:29:52.973 INFO  --- [main] org.apache.catalina.core.ContainerBase.[Tomcat].[localhost].[/] Line:173 - Initializing Spring embedded WebApplicationContext
2019-11-03 11:29:54.505 INFO  --- [main] springfox.documentation.spring.web.PropertySourcedRequestMappingHandlerMapping Line:69  - Mapped URL path [/v2/api-docs] onto method [public org.springframework.http.ResponseEntity<springfox.documentation.spring.web.json.Json> springfox.documentation.swagger2.web.Swagger2Controller.getDocumentation(java.lang.String,javax.servlet.http.HttpServletRequest)]
2019-11-03 11:29:55.110 INFO  --- [main] springfox.documentation.spring.web.plugins.DocumentationPluginsBootstrapper Line:160 - Context refreshed
2019-11-03 11:29:55.124 INFO  --- [main] springfox.documentation.spring.web.plugins.DocumentationPluginsBootstrapper Line:163 - Found 1 custom documentation plugin(s)
2019-11-03 11:29:55.152 INFO  --- [main] springfox.documentation.spring.web.scanners.ApiListingReferenceScanner Line:41  - Scanning for api listing references
2019-11-03 11:29:55.364 INFO  --- [main] org.apache.coyote.http11.Http11NioProtocol Line:173 - Starting ProtocolHandler ["https-jsse-nio-443"]
2019-11-03 11:29:55.538 INFO  --- [main] org.apache.coyote.http11.Http11NioProtocol Line:173 - Starting ProtocolHandler ["http-nio-80"]
2019-11-03 11:29:55.554 INFO  --- [main] cn.deercare.SpringBootMvnWebApplication Line:59  - Started SpringBootMvnWebApplication in 4.984 seconds (JVM running for 5.697)
2019-11-03 11:30:04.362 INFO  --- [https-jsse-nio-443-exec-3] org.apache.catalina.core.ContainerBase.[Tomcat].[localhost].[/] Line:173 - Initializing Spring DispatcherServlet 'dispatcherServlet'
2019-11-03 11:32:05.237 INFO  --- [Thread-14] com.alibaba.druid.pool.DruidDataSource Line:1948 - {dataSource-0} closing ...
2019-11-03 11:32:26.759 INFO  --- [main] cn.deercare.SpringBootMvnWebApplication Line:50  - Starting SpringBootMvnWebApplication on MacBook-Pro.local with PID 1258 (/Users/jiangyuan/JAVA/git/crowdfunding/crowdfunding-web/target/classes started by jiangyuan in /Users/jiangyuan/JAVA/git/crowdfunding)
2019-11-03 11:32:26.765 INFO  --- [main] cn.deercare.SpringBootMvnWebApplication Line:652 - The following profiles are active: dev
2019-11-03 11:32:28.820 INFO  --- [main] org.apache.coyote.http11.Http11NioProtocol Line:173 - Initializing ProtocolHandler ["https-jsse-nio-443"]
2019-11-03 11:32:28.837 INFO  --- [main] org.apache.coyote.http11.Http11NioProtocol Line:173 - Initializing ProtocolHandler ["http-nio-80"]
2019-11-03 11:32:28.868 INFO  --- [main] org.apache.catalina.core.StandardService Line:173 - Starting service [Tomcat]
2019-11-03 11:32:28.869 INFO  --- [main] org.apache.catalina.core.StandardEngine Line:173 - Starting Servlet engine: [Apache Tomcat/9.0.24]
2019-11-03 11:32:29.039 INFO  --- [main] org.apache.catalina.core.ContainerBase.[Tomcat].[localhost].[/] Line:173 - Initializing Spring embedded WebApplicationContext
2019-11-03 11:32:30.864 INFO  --- [main] springfox.documentation.spring.web.PropertySourcedRequestMappingHandlerMapping Line:69  - Mapped URL path [/v2/api-docs] onto method [public org.springframework.http.ResponseEntity<springfox.documentation.spring.web.json.Json> springfox.documentation.swagger2.web.Swagger2Controller.getDocumentation(java.lang.String,javax.servlet.http.HttpServletRequest)]
2019-11-03 11:32:31.543 INFO  --- [main] springfox.documentation.spring.web.plugins.DocumentationPluginsBootstrapper Line:160 - Context refreshed
2019-11-03 11:32:31.572 INFO  --- [main] springfox.documentation.spring.web.plugins.DocumentationPluginsBootstrapper Line:163 - Found 1 custom documentation plugin(s)
2019-11-03 11:32:31.627 INFO  --- [main] springfox.documentation.spring.web.scanners.ApiListingReferenceScanner Line:41  - Scanning for api listing references
2019-11-03 11:32:31.914 INFO  --- [main] org.apache.coyote.http11.Http11NioProtocol Line:173 - Starting ProtocolHandler ["https-jsse-nio-443"]
2019-11-03 11:32:32.144 INFO  --- [main] org.apache.coyote.http11.Http11NioProtocol Line:173 - Starting ProtocolHandler ["http-nio-80"]
2019-11-03 11:32:32.189 INFO  --- [main] cn.deercare.SpringBootMvnWebApplication Line:59  - Started SpringBootMvnWebApplication in 6.723 seconds (JVM running for 7.482)
2019-11-03 11:33:18.659 INFO  --- [Thread-18] com.alibaba.druid.pool.DruidDataSource Line:1948 - {dataSource-0} closing ...
2019-11-03 11:33:37.311 INFO  --- [main] cn.deercare.SpringBootMvnWebApplication Line:50  - Starting SpringBootMvnWebApplication on MacBook-Pro.local with PID 1265 (/Users/jiangyuan/JAVA/git/crowdfunding/crowdfunding-web/target/classes started by jiangyuan in /Users/jiangyuan/JAVA/git/crowdfunding)
2019-11-03 11:33:37.341 INFO  --- [main] cn.deercare.SpringBootMvnWebApplication Line:652 - The following profiles are active: dev
2019-11-03 11:33:39.217 INFO  --- [main] org.apache.coyote.http11.Http11NioProtocol Line:173 - Initializing ProtocolHandler ["https-jsse-nio-443"]
2019-11-03 11:33:39.226 INFO  --- [main] org.apache.coyote.http11.Http11NioProtocol Line:173 - Initializing ProtocolHandler ["http-nio-80"]
2019-11-03 11:33:39.249 INFO  --- [main] org.apache.catalina.core.StandardService Line:173 - Starting service [Tomcat]
2019-11-03 11:33:39.249 INFO  --- [main] org.apache.catalina.core.StandardEngine Line:173 - Starting Servlet engine: [Apache Tomcat/9.0.24]
2019-11-03 11:33:39.321 INFO  --- [main] org.apache.catalina.core.ContainerBase.[Tomcat].[localhost].[/] Line:173 - Initializing Spring embedded WebApplicationContext
2019-11-03 11:33:40.871 INFO  --- [main] springfox.documentation.spring.web.PropertySourcedRequestMappingHandlerMapping Line:69  - Mapped URL path [/v2/api-docs] onto method [public org.springframework.http.ResponseEntity<springfox.documentation.spring.web.json.Json> springfox.documentation.swagger2.web.Swagger2Controller.getDocumentation(java.lang.String,javax.servlet.http.HttpServletRequest)]
2019-11-03 11:33:41.567 INFO  --- [main] springfox.documentation.spring.web.plugins.DocumentationPluginsBootstrapper Line:160 - Context refreshed
2019-11-03 11:33:41.585 INFO  --- [main] springfox.documentation.spring.web.plugins.DocumentationPluginsBootstrapper Line:163 - Found 1 custom documentation plugin(s)
2019-11-03 11:33:41.628 INFO  --- [main] springfox.documentation.spring.web.scanners.ApiListingReferenceScanner Line:41  - Scanning for api listing references
2019-11-03 11:33:41.877 INFO  --- [main] org.apache.coyote.http11.Http11NioProtocol Line:173 - Starting ProtocolHandler ["https-jsse-nio-443"]
2019-11-03 11:33:42.090 INFO  --- [main] org.apache.coyote.http11.Http11NioProtocol Line:173 - Starting ProtocolHandler ["http-nio-80"]
2019-11-03 11:33:42.101 INFO  --- [main] cn.deercare.SpringBootMvnWebApplication Line:59  - Started SpringBootMvnWebApplication in 6.132 seconds (JVM running for 6.948)
2019-11-03 11:34:00.005 INFO  --- [scheduling-1] cn.deercare.job.ProjectJob Line:87  - 开始项目收益推送
2019-11-03 11:34:11.594 INFO  --- [scheduling-1] com.alibaba.druid.pool.DruidDataSource Line:1003 - {dataSource-1} inited
2019-11-03 11:35:29.396 INFO  --- [scheduling-1] cn.deercare.job.ProjectJob Line:132 - 结束项目收益推送
2019-11-03 11:36:00.001 INFO  --- [scheduling-1] cn.deercare.job.ProjectJob Line:87  - 开始项目收益推送
2019-11-03 11:36:52.547 INFO  --- [scheduling-1] cn.deercare.job.ProjectJob Line:132 - 结束项目收益推送
2019-11-03 11:36:52.589 INFO  --- [Thread-16] com.alibaba.druid.pool.DruidDataSource Line:1948 - {dataSource-1} closing ...
2019-11-03 11:36:52.596 INFO  --- [Thread-16] com.alibaba.druid.pool.DruidDataSource Line:2020 - {dataSource-1} closed
2019-11-03 11:37:12.598 INFO  --- [main] cn.deercare.SpringBootMvnWebApplication Line:50  - Starting SpringBootMvnWebApplication on MacBook-Pro.local with PID 1276 (/Users/jiangyuan/JAVA/git/crowdfunding/crowdfunding-web/target/classes started by jiangyuan in /Users/jiangyuan/JAVA/git/crowdfunding)
2019-11-03 11:37:12.601 INFO  --- [main] cn.deercare.SpringBootMvnWebApplication Line:652 - The following profiles are active: dev
2019-11-03 11:37:14.059 INFO  --- [main] org.apache.coyote.http11.Http11NioProtocol Line:173 - Initializing ProtocolHandler ["https-jsse-nio-443"]
2019-11-03 11:37:14.067 INFO  --- [main] org.apache.coyote.http11.Http11NioProtocol Line:173 - Initializing ProtocolHandler ["http-nio-80"]
2019-11-03 11:37:14.089 INFO  --- [main] org.apache.catalina.core.StandardService Line:173 - Starting service [Tomcat]
2019-11-03 11:37:14.089 INFO  --- [main] org.apache.catalina.core.StandardEngine Line:173 - Starting Servlet engine: [Apache Tomcat/9.0.24]
2019-11-03 11:37:14.157 INFO  --- [main] org.apache.catalina.core.ContainerBase.[Tomcat].[localhost].[/] Line:173 - Initializing Spring embedded WebApplicationContext
2019-11-03 11:37:15.661 INFO  --- [main] springfox.documentation.spring.web.PropertySourcedRequestMappingHandlerMapping Line:69  - Mapped URL path [/v2/api-docs] onto method [public org.springframework.http.ResponseEntity<springfox.documentation.spring.web.json.Json> springfox.documentation.swagger2.web.Swagger2Controller.getDocumentation(java.lang.String,javax.servlet.http.HttpServletRequest)]
2019-11-03 11:37:16.255 INFO  --- [main] springfox.documentation.spring.web.plugins.DocumentationPluginsBootstrapper Line:160 - Context refreshed
2019-11-03 11:37:16.269 INFO  --- [main] springfox.documentation.spring.web.plugins.DocumentationPluginsBootstrapper Line:163 - Found 1 custom documentation plugin(s)
2019-11-03 11:37:16.300 INFO  --- [main] springfox.documentation.spring.web.scanners.ApiListingReferenceScanner Line:41  - Scanning for api listing references
2019-11-03 11:37:16.512 INFO  --- [main] org.apache.coyote.http11.Http11NioProtocol Line:173 - Starting ProtocolHandler ["https-jsse-nio-443"]
2019-11-03 11:37:16.722 INFO  --- [main] org.apache.coyote.http11.Http11NioProtocol Line:173 - Starting ProtocolHandler ["http-nio-80"]
2019-11-03 11:37:16.737 INFO  --- [main] cn.deercare.SpringBootMvnWebApplication Line:59  - Started SpringBootMvnWebApplication in 5.106 seconds (JVM running for 5.941)
2019-11-03 11:38:00.001 INFO  --- [scheduling-1] cn.deercare.job.ProjectJob Line:87  - 开始项目收益推送
2019-11-03 11:38:04.771 INFO  --- [scheduling-1] com.alibaba.druid.pool.DruidDataSource Line:1003 - {dataSource-1} inited
2019-11-03 11:39:13.692 INFO  --- [scheduling-1] cn.deercare.job.ProjectJob Line:132 - 结束项目收益推送
2019-11-03 11:40:00.005 INFO  --- [scheduling-1] cn.deercare.job.ProjectJob Line:87  - 开始项目收益推送
2019-11-03 11:40:32.287 INFO  --- [scheduling-1] cn.deercare.job.ProjectJob Line:132 - 结束项目收益推送
2019-11-03 11:41:08.261 INFO  --- [Thread-14] com.alibaba.druid.pool.DruidDataSource Line:1948 - {dataSource-1} closing ...
2019-11-03 11:41:08.267 INFO  --- [Thread-14] com.alibaba.druid.pool.DruidDataSource Line:2020 - {dataSource-1} closed
2019-11-03 11:42:41.534 INFO  --- [main] cn.deercare.SpringBootMvnWebApplication Line:50  - Starting SpringBootMvnWebApplication on MacBook-Pro.local with PID 1288 (/Users/jiangyuan/JAVA/git/crowdfunding/crowdfunding-web/target/classes started by jiangyuan in /Users/jiangyuan/JAVA/git/crowdfunding)
2019-11-03 11:42:41.537 INFO  --- [main] cn.deercare.SpringBootMvnWebApplication Line:652 - The following profiles are active: dev
2019-11-03 11:42:43.111 INFO  --- [main] org.apache.coyote.http11.Http11NioProtocol Line:173 - Initializing ProtocolHandler ["https-jsse-nio-443"]
2019-11-03 11:42:43.119 INFO  --- [main] org.apache.coyote.http11.Http11NioProtocol Line:173 - Initializing ProtocolHandler ["http-nio-80"]
2019-11-03 11:42:43.140 INFO  --- [main] org.apache.catalina.core.StandardService Line:173 - Starting service [Tomcat]
2019-11-03 11:42:43.141 INFO  --- [main] org.apache.catalina.core.StandardEngine Line:173 - Starting Servlet engine: [Apache Tomcat/9.0.24]
2019-11-03 11:42:43.208 INFO  --- [main] org.apache.catalina.core.ContainerBase.[Tomcat].[localhost].[/] Line:173 - Initializing Spring embedded WebApplicationContext
2019-11-03 11:42:44.749 INFO  --- [main] springfox.documentation.spring.web.PropertySourcedRequestMappingHandlerMapping Line:69  - Mapped URL path [/v2/api-docs] onto method [public org.springframework.http.ResponseEntity<springfox.documentation.spring.web.json.Json> springfox.documentation.swagger2.web.Swagger2Controller.getDocumentation(java.lang.String,javax.servlet.http.HttpServletRequest)]
2019-11-03 11:42:45.311 INFO  --- [main] springfox.documentation.spring.web.plugins.DocumentationPluginsBootstrapper Line:160 - Context refreshed
2019-11-03 11:42:45.326 INFO  --- [main] springfox.documentation.spring.web.plugins.DocumentationPluginsBootstrapper Line:163 - Found 1 custom documentation plugin(s)
2019-11-03 11:42:45.356 INFO  --- [main] springfox.documentation.spring.web.scanners.ApiListingReferenceScanner Line:41  - Scanning for api listing references
2019-11-03 11:42:45.567 INFO  --- [main] org.apache.coyote.http11.Http11NioProtocol Line:173 - Starting ProtocolHandler ["https-jsse-nio-443"]
2019-11-03 11:42:45.753 INFO  --- [main] org.apache.coyote.http11.Http11NioProtocol Line:173 - Starting ProtocolHandler ["http-nio-80"]
2019-11-03 11:42:45.770 INFO  --- [main] cn.deercare.SpringBootMvnWebApplication Line:59  - Started SpringBootMvnWebApplication in 5.106 seconds (JVM running for 5.9)
2019-11-03 11:44:00.004 INFO  --- [scheduling-1] cn.deercare.job.ProjectJob Line:87  - 开始项目收益推送
2019-11-03 11:44:06.667 INFO  --- [scheduling-1] com.alibaba.druid.pool.DruidDataSource Line:1003 - {dataSource-1} inited
2019-11-03 11:44:24.395 INFO  --- [scheduling-1] cn.deercare.job.ProjectJob Line:132 - 结束项目收益推送
2019-11-03 11:44:24.423 INFO  --- [Thread-14] com.alibaba.druid.pool.DruidDataSource Line:1948 - {dataSource-1} closing ...
2019-11-03 11:44:24.427 INFO  --- [Thread-14] com.alibaba.druid.pool.DruidDataSource Line:2020 - {dataSource-1} closed
2019-11-03 11:44:49.859 INFO  --- [main] cn.deercare.SpringBootMvnWebApplication Line:50  - Starting SpringBootMvnWebApplication on MacBook-Pro.local with PID 1295 (/Users/jiangyuan/JAVA/git/crowdfunding/crowdfunding-web/target/classes started by jiangyuan in /Users/jiangyuan/JAVA/git/crowdfunding)
2019-11-03 11:44:49.862 INFO  --- [main] cn.deercare.SpringBootMvnWebApplication Line:652 - The following profiles are active: dev
2019-11-03 11:44:51.316 INFO  --- [main] org.apache.coyote.http11.Http11NioProtocol Line:173 - Initializing ProtocolHandler ["https-jsse-nio-443"]
2019-11-03 11:44:51.325 INFO  --- [main] org.apache.coyote.http11.Http11NioProtocol Line:173 - Initializing ProtocolHandler ["http-nio-80"]
2019-11-03 11:44:51.346 INFO  --- [main] org.apache.catalina.core.StandardService Line:173 - Starting service [Tomcat]
2019-11-03 11:44:51.346 INFO  --- [main] org.apache.catalina.core.StandardEngine Line:173 - Starting Servlet engine: [Apache Tomcat/9.0.24]
2019-11-03 11:44:51.415 INFO  --- [main] org.apache.catalina.core.ContainerBase.[Tomcat].[localhost].[/] Line:173 - Initializing Spring embedded WebApplicationContext
2019-11-03 11:44:52.932 INFO  --- [main] springfox.documentation.spring.web.PropertySourcedRequestMappingHandlerMapping Line:69  - Mapped URL path [/v2/api-docs] onto method [public org.springframework.http.ResponseEntity<springfox.documentation.spring.web.json.Json> springfox.documentation.swagger2.web.Swagger2Controller.getDocumentation(java.lang.String,javax.servlet.http.HttpServletRequest)]
2019-11-03 11:44:53.565 INFO  --- [main] springfox.documentation.spring.web.plugins.DocumentationPluginsBootstrapper Line:160 - Context refreshed
2019-11-03 11:44:53.581 INFO  --- [main] springfox.documentation.spring.web.plugins.DocumentationPluginsBootstrapper Line:163 - Found 1 custom documentation plugin(s)
2019-11-03 11:44:53.622 INFO  --- [main] springfox.documentation.spring.web.scanners.ApiListingReferenceScanner Line:41  - Scanning for api listing references
2019-11-03 11:44:53.909 INFO  --- [main] org.apache.coyote.http11.Http11NioProtocol Line:173 - Starting ProtocolHandler ["https-jsse-nio-443"]
2019-11-03 11:44:54.115 INFO  --- [main] org.apache.coyote.http11.Http11NioProtocol Line:173 - Starting ProtocolHandler ["http-nio-80"]
2019-11-03 11:44:54.126 INFO  --- [main] cn.deercare.SpringBootMvnWebApplication Line:59  - Started SpringBootMvnWebApplication in 5.121 seconds (JVM running for 5.853)
2019-11-03 11:46:00.004 INFO  --- [scheduling-1] cn.deercare.job.ProjectJob Line:87  - 开始项目收益推送
2019-11-03 11:46:14.300 INFO  --- [scheduling-1] com.alibaba.druid.pool.DruidDataSource Line:1003 - {dataSource-1} inited
2019-11-03 11:47:48.812 INFO  --- [scheduling-1] cn.deercare.job.ProjectJob Line:119 - ====
2019-11-03 11:47:48.813 INFO  --- [scheduling-1] cn.deercare.job.ProjectJob Line:133 - 结束项目收益推送
2019-11-03 11:47:51.526 INFO  --- [Thread-14] com.alibaba.druid.pool.DruidDataSource Line:1948 - {dataSource-1} closing ...
2019-11-03 11:47:51.530 INFO  --- [Thread-14] com.alibaba.druid.pool.DruidDataSource Line:2020 - {dataSource-1} closed
2019-11-03 12:02:27.330 INFO  --- [main] cn.deercare.SpringBootMvnWebApplication Line:50  - Starting SpringBootMvnWebApplication on MacBook-Pro.local with PID 1355 (/Users/jiangyuan/JAVA/git/crowdfunding/crowdfunding-web/target/classes started by jiangyuan in /Users/jiangyuan/JAVA/git/crowdfunding)
2019-11-03 12:02:27.334 INFO  --- [main] cn.deercare.SpringBootMvnWebApplication Line:652 - The following profiles are active: dev
2019-11-03 12:02:28.882 INFO  --- [main] org.apache.coyote.http11.Http11NioProtocol Line:173 - Initializing ProtocolHandler ["https-jsse-nio-443"]
2019-11-03 12:02:28.890 INFO  --- [main] org.apache.coyote.http11.Http11NioProtocol Line:173 - Initializing ProtocolHandler ["http-nio-80"]
2019-11-03 12:02:28.912 INFO  --- [main] org.apache.catalina.core.StandardService Line:173 - Starting service [Tomcat]
2019-11-03 12:02:28.912 INFO  --- [main] org.apache.catalina.core.StandardEngine Line:173 - Starting Servlet engine: [Apache Tomcat/9.0.24]
2019-11-03 12:02:28.983 INFO  --- [main] org.apache.catalina.core.ContainerBase.[Tomcat].[localhost].[/] Line:173 - Initializing Spring embedded WebApplicationContext
2019-11-03 12:02:30.503 INFO  --- [main] springfox.documentation.spring.web.PropertySourcedRequestMappingHandlerMapping Line:69  - Mapped URL path [/v2/api-docs] onto method [public org.springframework.http.ResponseEntity<springfox.documentation.spring.web.json.Json> springfox.documentation.swagger2.web.Swagger2Controller.getDocumentation(java.lang.String,javax.servlet.http.HttpServletRequest)]
2019-11-03 12:02:31.111 INFO  --- [main] springfox.documentation.spring.web.plugins.DocumentationPluginsBootstrapper Line:160 - Context refreshed
2019-11-03 12:02:31.126 INFO  --- [main] springfox.documentation.spring.web.plugins.DocumentationPluginsBootstrapper Line:163 - Found 1 custom documentation plugin(s)
2019-11-03 12:02:31.154 INFO  --- [main] springfox.documentation.spring.web.scanners.ApiListingReferenceScanner Line:41  - Scanning for api listing references
2019-11-03 12:02:31.364 INFO  --- [main] org.apache.coyote.http11.Http11NioProtocol Line:173 - Starting ProtocolHandler ["https-jsse-nio-443"]
2019-11-03 12:02:31.544 INFO  --- [main] org.apache.coyote.http11.Http11NioProtocol Line:173 - Starting ProtocolHandler ["http-nio-80"]
2019-11-03 12:02:31.558 INFO  --- [main] cn.deercare.SpringBootMvnWebApplication Line:59  - Started SpringBootMvnWebApplication in 5.025 seconds (JVM running for 5.832)
2019-11-03 12:04:00.001 INFO  --- [scheduling-1] cn.deercare.job.ProjectJob Line:87  - 开始项目收益推送
2019-11-03 12:04:17.840 INFO  --- [scheduling-1] com.alibaba.druid.pool.DruidDataSource Line:1003 - {dataSource-1} inited
2019-11-03 12:05:33.124 INFO  --- [scheduling-1] cn.deercare.job.ProjectJob Line:119 - ====
2019-11-03 12:05:38.000 INFO  --- [scheduling-1] cn.deercare.job.ProjectJob Line:133 - 结束项目收益推送
2019-11-03 12:06:00.005 INFO  --- [scheduling-1] cn.deercare.job.ProjectJob Line:87  - 开始项目收益推送
2019-11-03 12:06:49.472 INFO  --- [scheduling-1] cn.deercare.job.ProjectJob Line:119 - ====
2019-11-03 12:06:49.473 INFO  --- [scheduling-1] cn.deercare.job.ProjectJob Line:133 - 结束项目收益推送
2019-11-03 12:06:49.517 INFO  --- [Thread-14] com.alibaba.druid.pool.DruidDataSource Line:1948 - {dataSource-1} closing ...
2019-11-03 12:06:49.521 INFO  --- [Thread-14] com.alibaba.druid.pool.DruidDataSource Line:2020 - {dataSource-1} closed
2019-11-03 12:07:04.592 INFO  --- [main] cn.deercare.SpringBootMvnWebApplication Line:50  - Starting SpringBootMvnWebApplication on MacBook-Pro.local with PID 1365 (/Users/jiangyuan/JAVA/git/crowdfunding/crowdfunding-web/target/classes started by jiangyuan in /Users/jiangyuan/JAVA/git/crowdfunding)
2019-11-03 12:07:04.596 INFO  --- [main] cn.deercare.SpringBootMvnWebApplication Line:652 - The following profiles are active: dev
2019-11-03 12:07:06.083 INFO  --- [main] org.apache.coyote.http11.Http11NioProtocol Line:173 - Initializing ProtocolHandler ["https-jsse-nio-443"]
2019-11-03 12:07:06.092 INFO  --- [main] org.apache.coyote.http11.Http11NioProtocol Line:173 - Initializing ProtocolHandler ["http-nio-80"]
2019-11-03 12:07:06.113 INFO  --- [main] org.apache.catalina.core.StandardService Line:173 - Starting service [Tomcat]
2019-11-03 12:07:06.114 INFO  --- [main] org.apache.catalina.core.StandardEngine Line:173 - Starting Servlet engine: [Apache Tomcat/9.0.24]
2019-11-03 12:07:06.209 INFO  --- [main] org.apache.catalina.core.ContainerBase.[Tomcat].[localhost].[/] Line:173 - Initializing Spring embedded WebApplicationContext
2019-11-03 12:07:07.767 INFO  --- [main] springfox.documentation.spring.web.PropertySourcedRequestMappingHandlerMapping Line:69  - Mapped URL path [/v2/api-docs] onto method [public org.springframework.http.ResponseEntity<springfox.documentation.spring.web.json.Json> springfox.documentation.swagger2.web.Swagger2Controller.getDocumentation(java.lang.String,javax.servlet.http.HttpServletRequest)]
2019-11-03 12:07:08.365 INFO  --- [main] springfox.documentation.spring.web.plugins.DocumentationPluginsBootstrapper Line:160 - Context refreshed
2019-11-03 12:07:08.380 INFO  --- [main] springfox.documentation.spring.web.plugins.DocumentationPluginsBootstrapper Line:163 - Found 1 custom documentation plugin(s)
2019-11-03 12:07:08.408 INFO  --- [main] springfox.documentation.spring.web.scanners.ApiListingReferenceScanner Line:41  - Scanning for api listing references
2019-11-03 12:07:08.614 INFO  --- [main] org.apache.coyote.http11.Http11NioProtocol Line:173 - Starting ProtocolHandler ["https-jsse-nio-443"]
2019-11-03 12:07:08.833 INFO  --- [main] org.apache.coyote.http11.Http11NioProtocol Line:173 - Starting ProtocolHandler ["http-nio-80"]
2019-11-03 12:07:08.848 INFO  --- [main] cn.deercare.SpringBootMvnWebApplication Line:59  - Started SpringBootMvnWebApplication in 5.174 seconds (JVM running for 6.016)
2019-11-03 12:08:00.012 INFO  --- [scheduling-1] cn.deercare.job.ProjectJob Line:87  - 开始项目收益推送
2019-11-03 12:08:02.810 INFO  --- [scheduling-1] com.alibaba.druid.pool.DruidDataSource Line:1003 - {dataSource-1} inited
2019-11-03 12:08:56.861 INFO  --- [scheduling-1] cn.deercare.job.ProjectJob Line:119 - ====
2019-11-03 12:08:58.414 INFO  --- [scheduling-1] cn.deercare.wechat.api.WechatAPICall Line:140 - 推送模板消息重新获取accessToken
2019-11-03 12:09:00.567 INFO  --- [scheduling-1] cn.deercare.job.ProjectJob Line:133 - 结束项目收益推送
2019-11-03 12:10:00.002 INFO  --- [scheduling-1] cn.deercare.job.ProjectJob Line:87  - 开始项目收益推送
2019-11-03 12:13:11.969 INFO  --- [scheduling-1] cn.deercare.job.ProjectJob Line:119 - ====
2019-11-03 12:13:11.974 INFO  --- [Thread-14] com.alibaba.druid.pool.DruidDataSource Line:1948 - {dataSource-1} closing ...
2019-11-03 12:13:11.982 INFO  --- [Thread-14] com.alibaba.druid.pool.DruidDataSource Line:2020 - {dataSource-1} closed
2019-11-03 12:16:32.638 INFO  --- [main] cn.deercare.SpringBootMvnWebApplication Line:50  - Starting SpringBootMvnWebApplication on MacBook-Pro.local with PID 1430 (/Users/jiangyuan/JAVA/git/crowdfunding/crowdfunding-web/target/classes started by jiangyuan in /Users/jiangyuan/JAVA/git/crowdfunding)
2019-11-03 12:16:32.646 INFO  --- [main] cn.deercare.SpringBootMvnWebApplication Line:652 - The following profiles are active: dev
2019-11-03 12:16:34.628 INFO  --- [main] org.apache.coyote.http11.Http11NioProtocol Line:173 - Initializing ProtocolHandler ["https-jsse-nio-443"]
2019-11-03 12:16:34.638 INFO  --- [main] org.apache.coyote.http11.Http11NioProtocol Line:173 - Initializing ProtocolHandler ["http-nio-80"]
2019-11-03 12:16:34.660 INFO  --- [main] org.apache.catalina.core.StandardService Line:173 - Starting service [Tomcat]
2019-11-03 12:16:34.660 INFO  --- [main] org.apache.catalina.core.StandardEngine Line:173 - Starting Servlet engine: [Apache Tomcat/9.0.24]
2019-11-03 12:16:34.762 INFO  --- [main] org.apache.catalina.core.ContainerBase.[Tomcat].[localhost].[/] Line:173 - Initializing Spring embedded WebApplicationContext
2019-11-03 12:16:36.392 INFO  --- [main] springfox.documentation.spring.web.PropertySourcedRequestMappingHandlerMapping Line:69  - Mapped URL path [/v2/api-docs] onto method [public org.springframework.http.ResponseEntity<springfox.documentation.spring.web.json.Json> springfox.documentation.swagger2.web.Swagger2Controller.getDocumentation(java.lang.String,javax.servlet.http.HttpServletRequest)]
2019-11-03 12:16:36.967 INFO  --- [main] springfox.documentation.spring.web.plugins.DocumentationPluginsBootstrapper Line:160 - Context refreshed
2019-11-03 12:16:36.985 INFO  --- [main] springfox.documentation.spring.web.plugins.DocumentationPluginsBootstrapper Line:163 - Found 1 custom documentation plugin(s)
2019-11-03 12:16:37.017 INFO  --- [main] springfox.documentation.spring.web.scanners.ApiListingReferenceScanner Line:41  - Scanning for api listing references
2019-11-03 12:16:37.240 INFO  --- [main] org.apache.coyote.http11.Http11NioProtocol Line:173 - Starting ProtocolHandler ["https-jsse-nio-443"]
2019-11-03 12:16:37.395 INFO  --- [main] org.apache.coyote.http11.Http11NioProtocol Line:173 - Starting ProtocolHandler ["http-nio-80"]
2019-11-03 12:16:37.405 INFO  --- [main] cn.deercare.SpringBootMvnWebApplication Line:59  - Started SpringBootMvnWebApplication in 5.837 seconds (JVM running for 6.598)
2019-11-03 12:18:00.002 INFO  --- [scheduling-1] cn.deercare.job.ProjectJob Line:87  - 开始项目收益推送
2019-11-03 12:18:02.697 INFO  --- [scheduling-1] com.alibaba.druid.pool.DruidDataSource Line:1003 - {dataSource-1} inited
2019-11-03 12:19:02.224 INFO  --- [scheduling-1] cn.deercare.job.ProjectJob Line:119 - ====
2019-11-03 12:19:06.535 INFO  --- [scheduling-1] cn.deercare.wechat.api.WechatAPICall Line:140 - 推送模板消息重新获取accessToken
2019-11-03 12:19:06.583 INFO  --- [scheduling-1] cn.deercare.wechat.api.WechatAPICall Line:146 - {"errcode":41001,"errmsg":"access_token missing hint: [4dWSoa07468688!]"}
2019-11-03 12:19:06.639 INFO  --- [scheduling-1] cn.deercare.wechat.api.WechatAPICall Line:146 - {"errcode":41001,"errmsg":"access_token missing hint: [mlJUAA0746shc1!]"}
2019-11-03 12:23:38.334 INFO  --- [scheduling-1] cn.deercare.job.ProjectJob Line:133 - 结束项目收益推送
2019-11-03 12:23:38.379 INFO  --- [Thread-16] com.alibaba.druid.pool.DruidDataSource Line:1948 - {dataSource-1} closing ...
2019-11-03 12:23:38.383 INFO  --- [Thread-16] com.alibaba.druid.pool.DruidDataSource Line:2020 - {dataSource-1} closed
2019-11-03 12:24:34.967 INFO  --- [main] cn.deercare.SpringBootMvnWebApplication Line:50  - Starting SpringBootMvnWebApplication on MacBook-Pro.local with PID 1488 (/Users/jiangyuan/JAVA/git/crowdfunding/crowdfunding-web/target/classes started by jiangyuan in /Users/jiangyuan/JAVA/git/crowdfunding)
2019-11-03 12:24:34.971 INFO  --- [main] cn.deercare.SpringBootMvnWebApplication Line:652 - The following profiles are active: dev
2019-11-03 12:24:36.451 INFO  --- [main] org.apache.coyote.http11.Http11NioProtocol Line:173 - Initializing ProtocolHandler ["https-jsse-nio-443"]
2019-11-03 12:24:36.459 INFO  --- [main] org.apache.coyote.http11.Http11NioProtocol Line:173 - Initializing ProtocolHandler ["http-nio-80"]
2019-11-03 12:24:36.481 INFO  --- [main] org.apache.catalina.core.StandardService Line:173 - Starting service [Tomcat]
2019-11-03 12:24:36.481 INFO  --- [main] org.apache.catalina.core.StandardEngine Line:173 - Starting Servlet engine: [Apache Tomcat/9.0.24]
2019-11-03 12:24:36.549 INFO  --- [main] org.apache.catalina.core.ContainerBase.[Tomcat].[localhost].[/] Line:173 - Initializing Spring embedded WebApplicationContext
2019-11-03 12:24:38.113 INFO  --- [main] springfox.documentation.spring.web.PropertySourcedRequestMappingHandlerMapping Line:69  - Mapped URL path [/v2/api-docs] onto method [public org.springframework.http.ResponseEntity<springfox.documentation.spring.web.json.Json> springfox.documentation.swagger2.web.Swagger2Controller.getDocumentation(java.lang.String,javax.servlet.http.HttpServletRequest)]
2019-11-03 12:24:38.764 INFO  --- [main] springfox.documentation.spring.web.plugins.DocumentationPluginsBootstrapper Line:160 - Context refreshed
2019-11-03 12:24:38.808 INFO  --- [main] springfox.documentation.spring.web.plugins.DocumentationPluginsBootstrapper Line:163 - Found 1 custom documentation plugin(s)
2019-11-03 12:24:38.869 INFO  --- [main] springfox.documentation.spring.web.scanners.ApiListingReferenceScanner Line:41  - Scanning for api listing references
2019-11-03 12:24:39.185 INFO  --- [main] org.apache.coyote.http11.Http11NioProtocol Line:173 - Starting ProtocolHandler ["https-jsse-nio-443"]
2019-11-03 12:24:39.379 INFO  --- [main] org.apache.coyote.http11.Http11NioProtocol Line:173 - Starting ProtocolHandler ["http-nio-80"]
2019-11-03 12:24:39.391 INFO  --- [main] cn.deercare.SpringBootMvnWebApplication Line:59  - Started SpringBootMvnWebApplication in 5.3 seconds (JVM running for 6.025)
2019-11-03 12:26:00.003 INFO  --- [scheduling-1] cn.deercare.job.ProjectJob Line:88  - 开始项目收益推送
2019-11-03 12:26:03.834 INFO  --- [scheduling-1] com.alibaba.druid.pool.DruidDataSource Line:1003 - {dataSource-1} inited
2019-11-03 12:26:52.499 INFO  --- [scheduling-1] cn.deercare.job.ProjectJob Line:123 - ====
2019-11-03 12:27:25.092 INFO  --- [scheduling-1] cn.deercare.wechat.api.WechatAPICall Line:140 - 推送模板消息重新获取accessToken
2019-11-03 12:27:25.140 INFO  --- [scheduling-1] cn.deercare.wechat.api.WechatAPICall Line:146 - {"errcode":41001,"errmsg":"access_token missing hint: [z_pbma02458993!]"}
2019-11-03 12:27:25.198 INFO  --- [scheduling-1] cn.deercare.wechat.api.WechatAPICall Line:146 - {"errcode":41001,"errmsg":"access_token missing hint: [3XdgNA02457066!]"}
2019-11-03 12:30:02.227 INFO  --- [scheduling-1] cn.deercare.job.ProjectJob Line:137 - 结束项目收益推送
2019-11-03 12:32:00.002 INFO  --- [scheduling-1] cn.deercare.job.ProjectJob Line:88  - 开始项目收益推送
2019-11-03 12:32:37.394 INFO  --- [scheduling-1] cn.deercare.job.ProjectJob Line:123 - ====
2019-11-03 12:33:03.062 INFO  --- [scheduling-1] cn.deercare.wechat.api.WechatAPICall Line:146 - {"errcode":41001,"errmsg":"access_token missing hint: [i2wQRA0583shc2!]"}
2019-11-03 12:34:16.586 INFO  --- [scheduling-1] cn.deercare.wechat.api.WechatAPICall Line:146 - {"errcode":41001,"errmsg":"access_token missing hint: [aLv4cA0632c434!]"}
2019-11-03 12:36:42.435 INFO  --- [scheduling-1] cn.deercare.job.ProjectJob Line:137 - 结束项目收益推送
2019-11-03 12:36:42.478 INFO  --- [Thread-15] com.alibaba.druid.pool.DruidDataSource Line:1948 - {dataSource-1} closing ...
2019-11-03 12:36:42.481 INFO  --- [Thread-15] com.alibaba.druid.pool.DruidDataSource Line:2020 - {dataSource-1} closed
2019-11-03 12:36:59.783 INFO  --- [main] cn.deercare.SpringBootMvnWebApplication Line:50  - Starting SpringBootMvnWebApplication on MacBook-Pro.local with PID 1529 (/Users/jiangyuan/JAVA/git/crowdfunding/crowdfunding-web/target/classes started by jiangyuan in /Users/jiangyuan/JAVA/git/crowdfunding)
2019-11-03 12:36:59.787 INFO  --- [main] cn.deercare.SpringBootMvnWebApplication Line:652 - The following profiles are active: dev
2019-11-03 12:37:01.302 INFO  --- [main] org.apache.coyote.http11.Http11NioProtocol Line:173 - Initializing ProtocolHandler ["https-jsse-nio-443"]
2019-11-03 12:37:01.310 INFO  --- [main] org.apache.coyote.http11.Http11NioProtocol Line:173 - Initializing ProtocolHandler ["http-nio-80"]
2019-11-03 12:37:01.332 INFO  --- [main] org.apache.catalina.core.StandardService Line:173 - Starting service [Tomcat]
2019-11-03 12:37:01.332 INFO  --- [main] org.apache.catalina.core.StandardEngine Line:173 - Starting Servlet engine: [Apache Tomcat/9.0.24]
2019-11-03 12:37:01.399 INFO  --- [main] org.apache.catalina.core.ContainerBase.[Tomcat].[localhost].[/] Line:173 - Initializing Spring embedded WebApplicationContext
2019-11-03 12:37:02.877 INFO  --- [main] springfox.documentation.spring.web.PropertySourcedRequestMappingHandlerMapping Line:69  - Mapped URL path [/v2/api-docs] onto method [public org.springframework.http.ResponseEntity<springfox.documentation.spring.web.json.Json> springfox.documentation.swagger2.web.Swagger2Controller.getDocumentation(java.lang.String,javax.servlet.http.HttpServletRequest)]
2019-11-03 12:37:03.474 INFO  --- [main] springfox.documentation.spring.web.plugins.DocumentationPluginsBootstrapper Line:160 - Context refreshed
2019-11-03 12:37:03.489 INFO  --- [main] springfox.documentation.spring.web.plugins.DocumentationPluginsBootstrapper Line:163 - Found 1 custom documentation plugin(s)
2019-11-03 12:37:03.518 INFO  --- [main] springfox.documentation.spring.web.scanners.ApiListingReferenceScanner Line:41  - Scanning for api listing references
2019-11-03 12:37:03.723 INFO  --- [main] org.apache.coyote.http11.Http11NioProtocol Line:173 - Starting ProtocolHandler ["https-jsse-nio-443"]
2019-11-03 12:37:03.891 INFO  --- [main] org.apache.coyote.http11.Http11NioProtocol Line:173 - Starting ProtocolHandler ["http-nio-80"]
2019-11-03 12:37:03.907 INFO  --- [main] cn.deercare.SpringBootMvnWebApplication Line:59  - Started SpringBootMvnWebApplication in 5.031 seconds (JVM running for 5.784)
2019-11-03 12:38:00.004 INFO  --- [scheduling-1] cn.deercare.job.ProjectJob Line:88  - 开始项目收益推送
2019-11-03 12:38:15.724 INFO  --- [scheduling-1] com.alibaba.druid.pool.DruidDataSource Line:1003 - {dataSource-1} inited
2019-11-03 12:38:28.327 INFO  --- [scheduling-1] cn.deercare.job.ProjectJob Line:123 - ====
2019-11-03 12:39:51.177 INFO  --- [scheduling-1] cn.deercare.wechat.api.WechatAPICall Line:140 - 推送模板消息重新获取accessToken
2019-11-03 12:40:16.851 INFO  --- [scheduling-1] cn.deercare.wechat.api.WechatAPICall Line:140 - 推送模板消息重新获取accessToken
2019-11-03 12:43:42.668 INFO  --- [scheduling-1] cn.deercare.wechat.api.WechatAPICall Line:140 - 推送模板消息重新获取accessToken
2019-11-03 12:43:42.718 INFO  --- [Thread-14] com.alibaba.druid.pool.DruidDataSource Line:1948 - {dataSource-1} closing ...
2019-11-03 12:43:42.723 INFO  --- [Thread-14] com.alibaba.druid.pool.DruidDataSource Line:2020 - {dataSource-1} closed
2019-11-03 12:45:57.124 INFO  --- [main] cn.deercare.SpringBootMvnWebApplication Line:50  - Starting SpringBootMvnWebApplication on MacBook-Pro.local with PID 1569 (/Users/jiangyuan/JAVA/git/crowdfunding/crowdfunding-web/target/classes started by jiangyuan in /Users/jiangyuan/JAVA/git/crowdfunding)
2019-11-03 12:45:57.132 INFO  --- [main] cn.deercare.SpringBootMvnWebApplication Line:652 - The following profiles are active: dev
2019-11-03 12:45:58.752 INFO  --- [main] org.apache.coyote.http11.Http11NioProtocol Line:173 - Initializing ProtocolHandler ["https-jsse-nio-443"]
2019-11-03 12:45:58.761 INFO  --- [main] org.apache.coyote.http11.Http11NioProtocol Line:173 - Initializing ProtocolHandler ["http-nio-80"]
2019-11-03 12:45:58.785 INFO  --- [main] org.apache.catalina.core.StandardService Line:173 - Starting service [Tomcat]
2019-11-03 12:45:58.785 INFO  --- [main] org.apache.catalina.core.StandardEngine Line:173 - Starting Servlet engine: [Apache Tomcat/9.0.24]
2019-11-03 12:45:58.861 INFO  --- [main] org.apache.catalina.core.ContainerBase.[Tomcat].[localhost].[/] Line:173 - Initializing Spring embedded WebApplicationContext
2019-11-03 12:46:00.382 INFO  --- [main] springfox.documentation.spring.web.PropertySourcedRequestMappingHandlerMapping Line:69  - Mapped URL path [/v2/api-docs] onto method [public org.springframework.http.ResponseEntity<springfox.documentation.spring.web.json.Json> springfox.documentation.swagger2.web.Swagger2Controller.getDocumentation(java.lang.String,javax.servlet.http.HttpServletRequest)]
2019-11-03 12:46:00.982 INFO  --- [main] springfox.documentation.spring.web.plugins.DocumentationPluginsBootstrapper Line:160 - Context refreshed
2019-11-03 12:46:01.008 INFO  --- [main] springfox.documentation.spring.web.plugins.DocumentationPluginsBootstrapper Line:163 - Found 1 custom documentation plugin(s)
2019-11-03 12:46:01.048 INFO  --- [main] springfox.documentation.spring.web.scanners.ApiListingReferenceScanner Line:41  - Scanning for api listing references
2019-11-03 12:46:01.332 INFO  --- [main] org.apache.coyote.http11.Http11NioProtocol Line:173 - Starting ProtocolHandler ["https-jsse-nio-443"]
2019-11-03 12:46:01.522 INFO  --- [main] org.apache.coyote.http11.Http11NioProtocol Line:173 - Starting ProtocolHandler ["http-nio-80"]
2019-11-03 12:46:01.533 INFO  --- [main] cn.deercare.SpringBootMvnWebApplication Line:59  - Started SpringBootMvnWebApplication in 5.371 seconds (JVM running for 6.148)
2019-11-03 12:48:00.006 INFO  --- [scheduling-1] cn.deercare.job.ProjectJob Line:88  - 开始项目收益推送
2019-11-03 12:49:19.984 INFO  --- [scheduling-1] com.alibaba.druid.pool.DruidDataSource Line:1003 - {dataSource-1} inited
2019-11-03 12:49:43.759 INFO  --- [scheduling-1] cn.deercare.job.ProjectJob Line:123 - ====
2019-11-03 12:50:13.052 INFO  --- [scheduling-1] cn.deercare.wechat.api.WechatAPICall Line:140 - 推送模板消息重新获取accessToken
2019-11-03 12:50:21.132 INFO  --- [scheduling-1] cn.deercare.wechat.api.WechatAPICall Line:146 - {"errcode":0,"errmsg":"ok","msgid":1059721895634976768}
2019-11-03 12:50:48.793 INFO  --- [Thread-15] com.alibaba.druid.pool.DruidDataSource Line:1948 - {dataSource-1} closing ...
2019-11-03 12:50:48.796 INFO  --- [Thread-15] com.alibaba.druid.pool.DruidDataSource Line:2020 - {dataSource-1} closed
